0.03328236	755.238874	755.238874	47.612582	47.612582	
0.03794227	755.239069	755.238874	47.612582	47.612582	
0.04812007	755.240286	755.238874	47.612582	47.612582	
0.05820088	755.242096	755.238874	47.612582	47.612582	
0.06828869	755.244519	755.238874	47.612582	47.612582	
0.07872549	755.247693	755.238874	47.612582	47.612582	
0.08865229	755.251285	755.238874	47.612582	47.612582	
0.1097779	755.26232	755.238874	47.612582	47.612582	
0.1143558	755.264607	755.247601	47.612582	47.612582	
0.1245076	755.270475	755.247601	47.612582	47.612582	
0.1347264	755.277008	755.256327	47.612582	47.612582	
0.1448252	755.284071	755.256327	47.612582	47.612582	
0.155032	755.291839	755.256327	47.612582	47.612582	
0.1651668	755.300165	755.265054	47.612582	47.612582	
0.1753336	755.309141	755.265054	47.612582	47.612582	
0.1857524	755.319007	755.273781	47.612582	47.612582	
0.1956452	755.32893	755.273781	47.612582	47.612582	
0.205745	755.339686	755.282507	47.612582	47.612582	
0.2159258	755.351151	755.291234	47.612582	47.612582	
0.2260516	755.363168	755.29996	47.612582	47.612582	
0.2361855	755.375823	755.308687	47.612582	47.612582	
0.2463293	755.389091	755.317414	47.612582	47.612582	
0.2565881	755.403155	755.32614	47.612582	47.612582	
0.2666749	755.41758	755.343594	47.612582	47.612582	
0.2768177	755.432706	755.343594	47.612582	47.612582	
0.2869685	755.448468	755.361047	47.612582	47.612582	
0.2970783	755.464777	755.3785	47.612582	47.612582	
0.3072221	755.481755	755.395954	47.612582	47.612582	
0.3173799	755.499375	755.413407	47.612582	47.612582	
0.3275117	755.517571	755.422133	47.612582	47.612582	
0.3378305	755.536754	755.448313	47.612582	47.612582	
0.3479743	755.556212	755.465767	47.612582	47.612582	
0.3582141	755.576492	755.48322	47.612582	47.612582	
0.3683809	755.597236	755.5094	47.612582	47.612582	
0.3784967	755.618492	755.53558	47.612582	47.612582	
0.3886615	755.640482	755.553033	47.612582	47.612582	
0.3988443	755.663126	755.58794	47.612582	47.612582	
0.4089741	755.686277	755.605393	47.612582	47.612582	
0.4191039	755.71002	755.6403	47.612582	47.612582	
0.4293007	755.734568	755.66648	47.612582	47.612582	
0.4396305	755.760076	755.69266	47.612582	47.612582	
0.4574772	755.806443	755.753746	47.612582	47.612582	
0.4620711	755.818336	755.762473	47.612582	47.612582	
0.4722889	755.845558	755.797379	47.612582	47.612582	
0.4823767	755.87304	755.832286	47.612582	47.612582	
0.4924815	755.901181	755.867192	47.612582	47.612582	
0.5026543	755.930147	755.902099	47.612582	47.612582	
0.5128151	755.959694	755.937006	47.612582	47.612582	
0.5229889	755.989895	755.971912	47.612582	47.612582	
0.5331547	756.020704	756.006819	47.612582	47.612582	
0.5432745	756.051962	756.032999	47.612582	47.612582	
0.5534533	756.08405	756.067905	47.612582	47.612582	
0.5635911	756.116613	756.111539	47.612582	47.612582	
0.573753	756.149872	756.146445	47.612582	47.612582	
0.5838978	756.183696	756.181352	47.612582	47.612582	
0.5940396	756.218128	756.216258	47.612582	47.612582	
0.6041784	756.253169	756.251165	47.612582	47.612582	
0.6143412	756.288903	756.286071	47.612582	47.612582	
0.624515	756.325301	756.320978	47.612582	47.612582	
0.6346768	756.362308	756.355885	47.612582	47.612582	
0.6447856	756.399674	756.390791	47.612582	47.612582	
0.6549764	756.438003	756.425698	47.612582	47.612582	
0.6650982	756.476681	756.469331	47.612582	47.612582	
0.675306	756.516312	756.504238	47.612582	47.612582	
0.6854048	756.556137	756.547871	47.612582	47.612582	
0.6955596	756.596794	756.582777	47.612582	47.612582	
0.7057914	756.638398	756.626411	47.612582	47.612582	
0.7158912	756.680057	756.670044	47.612582	47.612582	
0.726015	756.722448	756.70495	47.612582	47.612582	
0.7363628	756.766439	756.748584	47.612582	47.612582	
0.7465686	756.81043	756.792217	47.612582	47.612582	
0.7567414	756.854881	756.827124	47.612582	47.612582	
0.7668892	756.899853	756.870757	47.612582	47.612582	
0.777029	756.945419	756.91439	47.612582	47.612582	
0.7871598	756.991543	756.958023	47.612582	47.612582	
0.7973186	757.038423	757.001656	47.612582	47.612582	
0.8074985	757.086027	757.054016	47.612582	47.612582	
0.8255381	757.172751	757.141283	47.612582	47.612582	
0.830102	757.194644	757.158736	47.612582	47.612582	
0.8403678	757.244668	757.202369	47.612582	47.612582	
0.8504186	757.294239	757.254729	47.612582	47.612582	
0.8605614	757.344888	757.298362	47.612582	47.612582	
0.8707982	757.396644	757.350722	47.612582	47.612582	
0.880925	757.448466	757.403082	47.612582	47.612582	
0.8910528	757.500882	757.455442	47.612582	47.612582	
0.9012106	757.55409	757.507802	47.612582	47.612582	
0.9113655	757.607906	757.568888	47.612582	47.612582	
0.9215333	757.662406	757.621248	47.612582	47.612582	
0.9316821	757.717416	757.682335	47.612582	47.612582	
0.9418279	757.773038	757.725968	47.612582	47.612582	
0.9520027	757.829431	757.787055	47.612582	47.612582	
0.9621295	757.886165	757.839415	47.612582	47.612582	
0.9722733	757.943624	757.900501	47.612582	47.612582	
0.9925409	758.061551	758.013947	47.612582	47.612582	
0.9971248	758.088106	758.048854	47.612582	47.612582	
1.007265	758.147647	758.101214	47.612582	47.612582	
1.017456	758.208179	758.1623	47.612582	47.612582	
1.027641	758.269243	758.223387	47.612582	47.612582	
1.037851	758.331107	758.2932	47.612582	47.612582	
1.047954	758.392884	758.34556	47.612582	47.612582	
1.058053	758.455265	758.415373	47.612582	47.612582	
1.068199	758.518594	758.47646	47.612582	47.612582	
1.078316	758.582336	758.537546	47.612582	47.612582	
1.088548	758.647454	758.607359	47.612582	47.612582	
1.098614	758.71208	758.677173	47.612582	47.612582	
1.108743	758.77797	758.738259	47.612582	47.612582	
1.118927	758.844395	758.808072	47.612582	47.612582	
1.129043	758.911203	758.869159	47.612582	47.612582	
1.139266	758.979382	758.938972	47.612582	47.612582	
1.149496	759.048195	759.008785	47.612582	47.612582	
1.159534	759.116315	759.078598	47.612582	47.612582	
1.16975	759.186302	759.148411	47.612582	47.612582	
1.179836	759.255978	759.218225	47.612582	47.612582	
1.190009	759.326948	759.288038	47.612582	47.612582	
1.20019	759.398477	759.357851	47.612582	47.612582	
1.210315	759.470288	759.427664	47.612582	47.612582	
1.220462	759.542882	759.497477	47.612582	47.612582	
1.23059	759.615954	759.576017	47.612582	47.612582	
1.240826	759.690453	759.654557	47.612582	47.612582	
1.250927	759.764525	759.72437	47.612582	47.612582	
1.261094	759.839726	759.794183	47.612582	47.612582	
1.271249	759.915464	759.872723	47.612582	47.612582	
1.281406	759.991859	759.951263	47.612582	47.612582	
1.29156	760.068804	760.021076	47.612582	47.612582	
1.301761	760.147033	760.099616	47.612582	47.612582	
1.311914	760.224978	760.178156	47.612582	47.612582	
1.322059	760.303703	760.256696	47.612582	47.612582	
1.332189	760.382965	760.335235	47.612582	47.612582	
1.34237	760.463274	760.413775	47.612582	47.612582	
1.352575	760.544343	760.492315	47.612582	47.612582	
1.362667	760.625153	760.579581	47.612582	47.612582	
1.37281	760.706973	760.658121	47.612582	47.612582	
1.38301	760.789897	760.736661	47.612582	47.612582	
1.393139	760.872839	760.823928	47.612582	47.612582	
1.403324	760.956865	760.911194	47.612582	47.612582	
1.413485	761.041319	760.989734	47.612582	47.612582	
1.423645	761.126393	761.068274	47.612582	47.612582	
1.433882	761.212726	761.15554	47.612582	47.612582	
1.44397	761.298451	761.242807	47.612582	47.612582	
1.454153	761.385583	761.330073	47.612582	47.612582	
1.464382	761.473685	761.417339	47.612582	47.612582	
1.474451	761.561056	761.504606	47.612582	47.612582	
1.484597	761.649723	761.591872	47.612582	47.612582	
1.494714	761.738732	761.679139	47.612582	47.612582	
1.504934	761.829349	761.766405	47.612582	47.612582	
1.515043	761.919476	761.862398	47.612582	47.612582	
1.525188	762.010615	761.949665	47.612582	47.612582	
1.535644	762.105231	762.045658	47.612582	47.612582	
1.54552	762.195124	762.132924	47.612582	47.612582	
1.555678	762.288211	762.228918	47.612582	47.612582	
1.565807	762.381917	762.316184	47.612582	47.612582	
1.575978	762.476082	762.412177	47.612582	47.612582	
1.586115	762.570846	762.50817	47.612582	47.612582	
1.596257	762.666273	762.604163	47.612582	47.612582	
1.60646	762.762892	762.700156	47.612582	47.612582	
1.616669	762.860212	762.79615	47.612582	47.612582	
1.626737	762.956725	762.883416	47.612582	47.612582	
1.637255	763.058329	762.988136	47.612582	47.612582	
1.647059	763.153526	763.084129	47.612582	47.612582	
1.657192	763.252564	763.180122	47.612582	47.612582	
1.66733	763.352268	763.284842	47.612582	47.612582	
1.677481	763.452678	763.380835	47.612582	47.612582	
1.687619	763.553646	763.476828	47.612582	47.612582	
1.697895	763.656606	763.581548	47.612582	47.612582	
1.707974	763.758185	763.686268	47.612582	47.612582	
1.718135	763.861234	763.790987	47.612582	47.612582	
1.72829	763.964789	763.88698	47.612582	47.612582	
1.738377	764.068321	763.9917	47.612582	47.612582	
1.748516	764.172942	764.09642	47.612582	47.612582	
1.758642	764.278075	764.209866	47.612582	47.612582	
1.768805	764.384203	764.314586	47.612582	47.612582	
1.778942	764.490706	764.419306	47.612582	47.612582	
1.789087	764.59789	764.524026	47.612582	47.612582	
1.799448	764.70804	764.628745	47.612582	47.612582	
1.809427	764.81464	764.733465	47.612582	47.612582	
1.819624	764.924265	764.846911	47.612582	47.612582	
1.829775	765.033947	764.960358	47.612582	47.612582	
1.839933	765.144412	765.065078	47.612582	47.612582	
1.850049	765.254945	765.178524	47.612582	47.612582	
1.860195	765.364634	765.29197	47.612582	47.612582	
1.870364	765.473934	765.405417	47.612582	47.612582	
1.880561	765.582936	765.518863	47.612582	47.612582	
1.890677	765.690435	765.63231	47.612582	47.612582	
1.900825	765.797703	765.745756	47.612582	47.612582	
1.911024	765.904858	765.850476	47.612582	47.612582	
1.92117	766.010938	765.972649	47.612582	47.612582	
1.931321	766.116282	766.077369	47.612582	47.612582	
1.94163	766.222764	766.190815	47.612582	47.612582	
1.951632	766.325439	766.304261	47.612582	47.612582	
1.969674	766.508319	766.504974	47.612582	47.612582	
1.974236	766.554606	766.548607	47.612582	47.612582	
1.994381	766.755745	766.766774	47.612582	47.612582	
1.999029	766.802188	766.819134	47.612582	47.612582	
2.009106	766.902188	766.915127	47.612582	47.612582	
2.019347	767.003207	767.019846	47.612582	47.612582	
2.029449	767.102213	767.124566	47.612582	47.612582	
2.039681	767.201917	767.229286	47.612582	47.612582	
2.049887	767.300692	767.334006	47.612582	47.612582	
2.059976	767.397809	767.429999	47.612582	47.612582	
2.070116	767.494766	767.525992	47.612582	47.612582	
2.080326	767.591725	767.630712	47.612582	47.612582	
2.090406	767.686905	767.735431	47.612582	47.612582	
2.110303	767.871896	767.918691	47.612582	47.612582	
2.114891	767.914556	767.962324	47.612582	47.612582	
2.125037	768.00828	768.049591	47.612582	47.612582	
2.135302	768.102464	768.15431	47.612582	47.612582	
2.145411	768.194624	768.241577	47.612582	47.612582	
2.155543	768.28633	768.328843	47.612582	47.612582	
2.165689	768.377578	768.424836	47.612582	47.612582	
2.175847	768.468348	768.512103	47.612582	47.612582	
2.186029	768.558699	768.599369	47.612582	47.612582	
2.196142	768.647833	768.686636	47.612582	47.612582	
2.20624	768.736247	768.773902	47.612582	47.612582	
2.216497	768.825407	768.861169	47.612582	47.612582	
2.226567	768.912311	768.948435	47.612582	47.612582	
2.236861	769.000582	769.035702	47.612582	47.612582	
2.246909	769.08611	769.114241	47.612582	47.612582	
2.257021	769.171575	769.201508	47.612582	47.612582	
2.267158	769.256633	769.288774	47.612582	47.612582	
2.277312	769.341247	769.376041	47.612582	47.612582	
2.287442	769.425045	769.454581	47.612582	47.612582	
2.29758	769.508316	769.53312	47.612582	47.612582	
2.307803	769.59163	769.620387	47.612582	47.612582	
2.317955	769.673806	769.698927	47.612582	47.612582	
2.328044	769.754806	769.777467	47.612582	47.612582	
2.338147	769.835346	769.864733	47.612582	47.612582	
2.348358	769.916133	769.934546	47.612582	47.612582	
2.358481	769.995612	770.021813	47.612582	47.612582	
2.368672	770.075008	770.100353	47.612582	47.612582	
2.37877	770.153093	770.178892	47.612582	47.612582	
2.38891	770.231112	770.257432	47.612582	47.612582	
2.399096	770.308369	770.335972	47.612582	47.612582	
2.409306	770.385471	770.414512	47.612582	47.612582	
2.419401	770.461104	770.493052	47.612582	47.612582	
2.429561	770.536574	770.562865	47.612582	47.612582	
2.439755	770.61174	770.641405	47.612582	47.612582	
2.450021	770.686773	770.719944	47.612582	47.612582	
2.460099	770.759795	770.789758	47.612582	47.612582	
2.470273	770.832969	770.868297	47.612582	47.612582	
2.480508	770.90591	770.946837	47.612582	47.612582	
2.490538	770.976836	771.01665	47.612582	47.612582	
2.500736	771.04831	771.086464	47.612582	47.612582	
2.510879	771.118791	771.156277	47.612582	47.612582	
2.521047	771.188868	771.22609	47.612582	47.612582	
2.531205	771.258212	771.295903	47.612582	47.612582	
2.541372	771.327074	771.365716	47.612582	47.612582	
2.551703	771.39635	771.444256	47.612582	47.612582	
2.569737	771.51497	771.566429	47.612582	47.612582	
2.574306	771.545111	771.592609	47.612582	47.612582	
2.584531	771.611692	771.662422	47.612582	47.612582	
2.59462	771.676821	771.732235	47.612582	47.612582	
2.604762	771.741665	771.793322	47.612582	47.612582	
2.614915	771.806009	771.854408	47.612582	47.612582	
2.625067	771.869707	771.924222	47.612582	47.612582	
2.635218	771.932784	771.985308	47.612582	47.612582	
2.64541	771.995534	772.046395	47.612582	47.612582	
2.655575	772.057478	772.116208	47.612582	47.612582	
2.665697	772.118575	772.177294	47.612582	47.612582	
2.675844	772.179192	772.238381	47.612582	47.612582	
2.68601	772.23936	772.299467	47.612582	47.612582	
2.696149	772.298722	772.360554	47.612582	47.612582	
2.706269	772.357371	772.412914	47.612582	47.612582	
2.716476	772.415919	772.474	47.612582	47.612582	
2.726591	772.47334	772.535087	47.612582	47.612582	
2.736757	772.530451	772.587447	47.612582	47.612582	
2.746896	772.586801	772.639807	47.612582	47.612582	
2.757031	772.642534	772.700893	47.612582	47.612582	
2.767223	772.697926	772.753253	47.612582	47.612582	
2.777329	772.752284	772.805613	47.612582	47.612582	
2.787485	772.806292	772.866699	47.612582	47.612582	
2.797711	772.860082	772.919059	47.612582	47.612582	
2.807854	772.912796	772.971419	47.612582	47.612582	
2.818011	772.964983	773.023779	47.612582	47.612582	
2.828115	773.016309	773.076139	47.612582	47.612582	
2.838207	773.066991	773.128499	47.612582	47.612582	
2.855421	773.151368	773.180859	47.612582	47.612582	
2.860291	773.175241	773.233219	47.612582	47.612582	
2.870452	773.224344	773.285578	47.612582	47.612582	
2.881242	773.27576	773.337938	47.612582	47.612582	
2.89144	773.32379	773.390298	47.612582	47.612582	
2.901646	773.371219	773.442658	47.612582	47.612582	
2.911824	773.417912	773.486291	47.612582	47.612582	
2.930367	773.50053	773.573558	47.612582	47.612582	
2.935246	773.522749	773.599738	47.612582	47.612582	
2.953975	773.6032	773.678277	47.612582	47.612582	
2.958899	773.6245	773.695731	47.612582	47.612582	
2.969018	773.667545	773.739364	47.612582	47.612582	
2.979232	773.710403	773.791724	47.612582	47.612582	
2.989639	773.753407	773.82663	47.612582	47.612582	
2.999819	773.79488	773.870264	47.612582	47.612582	
3.010044	773.835929	773.913897	47.612582	47.612582	
3.020217	773.876179	773.948804	47.612582	47.612582	
3.030362	773.915705	773.992437	47.612582	47.612582	
3.040674	773.955253	774.03607	47.612582	47.612582	
3.050805	773.993526	774.070977	47.612582	47.612582	
3.061006	774.031448	774.105883	47.612582	47.612582	
3.071305	774.069119	774.149516	47.612582	47.612582	
3.081418	774.105518	774.184423	47.612582	47.612582	
3.091637	774.141695	774.21933	47.612582	47.612582	
3.101829	774.177171	774.262963	47.612582	47.612582	
3.112074	774.212224	774.297869	47.612582	47.612582	
3.122365	774.246816	774.332776	47.612582	47.612582	
3.132562	774.280486	774.367683	47.612582	47.612582	
3.142763	774.313572	774.393862	47.612582	47.612582	
3.153058	774.346354	774.428769	47.612582	47.612582	
3.163183	774.377997	774.463676	47.612582	47.612582	
3.173428	774.409406	774.489856	47.612582	47.612582	
3.183621	774.440065	774.524762	47.612582	47.612582	
3.19386	774.470253	774.559669	47.612582	47.612582	
3.204056	774.499711	774.585849	47.612582	47.612582	
3.214265	774.528609	774.612029	47.612582	47.612582	
3.224569	774.557161	774.646935	47.612582	47.612582	
3.234728	774.584722	774.673115	47.612582	47.612582	
3.244963	774.611883	774.699295	47.612582	47.612582	
3.255217	774.638659	774.734202	47.612582	47.612582	
3.26542	774.664378	774.751655	47.612582	47.612582	
3.275591	774.689585	774.786562	47.612582	47.612582	
3.285802	774.714296	774.812741	47.612582	47.612582	
3.29604	774.73847	774.838921	47.612582	47.612582	
3.306338	774.762183	774.865101	47.612582	47.612582	
3.316616	774.785256	774.891281	47.612582	47.612582	
3.326836	774.807587	774.917461	47.612582	47.612582	
3.337048	774.829318	774.943641	47.612582	47.612582	
3.355868	774.866902	774.978548	47.612582	47.612582	
3.360804	774.876811	774.996001	47.612582	47.612582	
3.370894	774.89635	775.013454	47.612582	47.612582	
3.381129	774.915589	775.039634	47.612582	47.612582	
3.391421	774.934311	775.065814	47.612582	47.612582	
3.40156	774.952202	775.083268	47.612582	47.612582	
3.411757	774.96961	775.100721	47.612582	47.612582	
3.422004	774.986569	775.118174	47.612582	47.612582	
3.432173	775.00271	775.126901	47.612582	47.612582	
3.442463	775.018511	775.135627	47.612582	47.612582	
3.452598	775.033505	775.144354	47.612582	47.612582	
3.462871	775.048123	775.153081	47.612582	47.612582	
3.473132	775.062144	775.153081	47.612582	47.612582	
3.483287	775.075451	775.161807	47.612582	47.612582	
3.493518	775.088288	775.161807	47.612582	47.612582	
3.503742	775.100537	775.161807	47.612582	47.612582	
3.513965	775.112228	775.161807	47.612582	47.612582	
3.524163	775.123326	775.161807	47.612582	47.612582	
3.534362	775.133862	775.161807	47.612582	47.612582	
3.544697	775.143968	775.161807	47.612582	47.612582	
3.554785	775.153301	775.161807	47.612582	47.612582	
3.565063	775.162245	775.161807	47.612582	47.612582	
3.575405	775.170684	775.161807	47.612582	47.612582	
3.585678	775.178518	775.161807	47.612582	47.612582	
3.595719	775.185664	775.161807	47.612582	47.612582	
3.606006	775.19244	775.161807	47.612582	47.612582	
3.616169	775.198622	775.161807	47.612582	47.612582	
3.626516	775.204375	775.161807	47.612582	47.612582	
3.63668	775.209531	775.161807	47.612582	47.612582	
3.647387	775.214399	775.161807	47.612582	47.612582	
3.65716	775.218419	775.161807	47.612582	47.612582	
3.667351	775.222128	775.161807	47.612582	47.612582	
3.677577	775.225386	775.161807	47.612582	47.612582	
3.687705	775.228179	775.161807	47.612582	47.612582	
3.698041	775.230593	775.161807	47.612582	47.612582	
3.708123	775.232565	775.161807	47.612582	47.612582	
3.718784	775.234235	775.161807	47.612582	47.612582	
3.728677	775.238874	775.161807	47.612582	47.612582	
3.738809	775.238874	775.161807	47.612582	47.612582	
3.749475	775.238874	775.161807	47.612582	47.612582	
3.759293	775.238874	775.161807	47.612582	47.612582	
3.777795	775.238874	775.161807	47.612582	47.612582	
3.782604	775.238874	775.161807	47.612582	47.612582	
3.79285	775.238874	775.161807	47.612582	47.612582	
3.80307	775.238874	775.161807	47.612582	47.612582	
3.813236	775.238874	775.161807	47.612582	47.612582	
3.823468	775.238874	775.161807	47.612582	47.612582	
3.833711	775.238874	775.161807	47.612582	47.612582	
3.843906	775.238874	775.161807	47.612582	47.612582	
3.854134	775.238874	775.161807	47.612582	47.612582	
3.864372	775.238874	775.161807	47.612582	47.612582	
3.874554	775.238874	775.161807	47.612582	47.612582	
3.88477	775.238874	775.161807	47.612582	47.612582	
3.895022	775.238874	775.161807	47.612582	47.612582	
3.905411	775.238874	775.161807	47.612582	47.612582	
3.91544	775.238874	775.161807	47.612582	47.612582	
3.925638	775.238874	775.161807	47.612582	47.612582	
3.935916	775.238874	775.161807	47.612582	47.612582	
3.94613	775.238874	775.161807	47.612582	47.612582	
3.956305	775.238874	775.161807	47.612582	47.612582	
3.966617	775.238874	775.161807	47.612582	47.612582	
3.976845	775.238874	775.161807	47.612582	47.612582	
3.987303	775.238874	775.161807	47.612582	47.612582	
3.997241	775.238874	775.161807	47.612582	47.612582	
4.007486	775.238874	775.161807	47.612582	47.612582	
4.017652	775.238874	775.161807	47.612582	47.612582	
4.036292	775.238874	775.161807	47.612582	47.612582	
4.041153	775.238874	775.161807	47.612582	47.612582	
4.0514	775.238874	775.161807	47.612582	47.612582	
4.061565	775.238874	775.161807	47.612582	47.612582	
4.071849	775.238874	775.161807	47.612582	47.612582	
4.08468	775.238874	775.161807	47.612582	47.612582	
4.092046	775.238874	775.161807	47.612582	47.612582	
4.102202	775.238874	775.161807	47.612582	47.612582	
4.112302	775.238874	775.161807	47.612582	47.612582	
4.122446	775.238874	775.161807	47.612582	47.612582	
4.132573	775.238874	775.161807	47.612582	47.612582	
4.142713	775.238874	775.161807	47.612582	47.612582	
4.153013	775.238874	775.161807	47.612582	47.612582	
4.163057	775.238874	775.161807	47.612582	47.612582	
4.173205	775.238874	775.161807	47.612582	47.612582	
4.1834	775.238874	775.161807	47.612582	47.612582	
4.193521	775.238874	775.161807	47.612582	47.612582	
4.203659	775.238874	775.161807	47.612582	47.612582	
4.213834	775.238874	775.161807	47.612582	47.612582	
4.224011	775.238874	775.161807	47.612582	47.612582	
4.23425	775.238874	775.161807	47.612582	47.612582	
4.244323	775.238874	775.161807	47.612582	47.612582	
4.254538	775.238874	775.161807	47.612582	47.612582	
4.264765	775.238874	775.161807	47.612582	47.612582	
4.274834	775.238874	775.161807	47.612582	47.612582	
4.284972	775.238874	775.161807	47.612582	47.612582	
4.295085	775.238874	775.161807	47.612582	47.612582	
4.305333	775.238874	775.161807	47.612582	47.612582	
4.315446	775.238874	775.161807	47.612582	47.612582	
4.325845	775.238874	775.161807	47.612582	47.612582	
4.335764	775.238874	775.161807	47.612582	47.612582	
4.345856	775.238874	775.161807	47.612582	47.612582	
4.356075	775.238874	775.161807	47.612582	47.612582	
4.366202	775.238874	775.161807	47.612582	47.612582	
4.37632	775.238874	775.161807	47.612582	47.612582	
4.386478	775.238874	775.161807	47.612582	47.612582	
4.396647	775.238874	775.161807	47.612582	47.612582	
4.406787	775.238874	775.161807	47.612582	47.612582	
4.417012	775.238874	775.161807	47.612582	47.612582	
4.42708	775.238874	775.161807	47.612582	47.612582	
4.43724	775.238874	775.161807	47.612582	47.612582	
4.44744	775.238874	775.161807	47.612582	47.612582	
4.457959	775.238874	775.161807	47.612582	47.612582	
4.468054	775.238874	775.161807	47.612582	47.612582	
4.478242	775.238874	775.161807	47.612582	47.612582	
4.48833	775.238874	775.161807	47.612582	47.612582	
4.498498	775.238874	775.161807	47.612582	47.612582	
4.508638	775.238874	775.161807	47.612582	47.612582	
4.518783	775.238874	775.161807	47.612582	47.612582	
4.528979	775.238874	775.161807	47.612582	47.612582	
4.539075	775.238874	775.161807	47.612582	47.612582	
4.557355	775.238874	775.161807	47.612582	47.612582	
4.561955	775.238874	775.161807	47.612582	47.612582	
4.572106	775.238874	775.161807	47.612582	47.612582	
4.582248	775.238874	775.161807	47.612582	47.612582	
4.592427	775.238874	775.161807	47.612582	47.612582	
4.602551	775.238874	775.161807	47.612582	47.612582	
4.612686	775.238874	775.161807	47.612582	47.612582	
4.622858	775.238874	775.161807	47.612582	47.612582	
4.63305	775.238874	775.161807	47.612582	47.612582	
4.643186	775.238874	775.161807	47.612582	47.612582	
4.653362	775.238874	775.161807	47.612582	47.612582	
4.663518	775.238874	775.161807	47.612582	47.612582	
4.673682	775.238874	775.161807	47.612582	47.612582	
4.683817	775.238874	775.161807	47.612582	47.612582	
4.693961	775.238874	775.161807	47.612582	47.612582	
4.704142	775.238874	775.161807	47.612582	47.612582	
4.714315	775.238874	775.161807	47.612582	47.612582	
4.724448	775.238874	775.161807	47.612582	47.612582	
4.734577	775.238874	775.161807	47.612582	47.612582	
4.752874	775.238874	775.161807	47.612582	47.612582	
4.757456	775.238874	775.161807	47.612582	47.612582	
4.767621	775.238874	775.161807	47.612582	47.612582	
4.777815	775.238874	775.161807	47.612582	47.612582	
4.787941	775.238874	775.161807	47.612582	47.612582	
4.798044	775.238874	775.161807	47.612582	47.612582	
4.808216	775.238874	775.161807	47.612582	47.612582	
4.818387	775.238874	775.161807	47.612582	47.612582	
4.828518	775.238874	775.161807	47.612582	47.612582	
4.83866	775.238874	775.161807	47.612582	47.612582	
4.848885	775.238874	775.161807	47.612582	47.612582	
4.858988	775.238874	775.161807	47.612582	47.612582	
4.869124	775.238874	775.161807	47.612582	47.612582	
4.887149	775.238874	775.161807	47.612582	47.612582	
4.891736	775.238874	775.161807	47.612582	47.612582	
4.901928	775.238874	775.161807	47.612582	47.612582	
4.912079	775.238874	775.161807	47.612582	47.612582	
4.922312	775.238874	775.161807	47.612582	47.612582	
4.93242	775.238874	775.161807	47.612582	47.612582	
4.942673	775.238874	775.161807	47.612582	47.612582	
4.953205	775.238874	775.161807	47.612582	47.612582	
4.96287	775.238874	775.161807	47.612582	47.612582	
4.97301	775.238874	775.161807	47.612582	47.612582	
4.983167	775.238874	775.161807	47.612582	47.612582	
5.003231	775.238874	775.161807	47.612582	47.612582	
5.00794	775.238874	775.161807	47.612582	47.612582	
5.017995	775.238874	775.161807	47.612582	47.612582	
5.028168	775.238874	775.161807	47.612582	47.612582	
5.038285	775.238874	775.161807	47.612582	47.612582	
5.04839	775.238874	775.161807	47.612582	47.612582	
5.058616	775.238874	775.161807	47.612582	47.612582	
5.068723	775.238874	775.161807	47.612582	47.612582	
5.078844	775.238874	775.161807	47.612582	47.612582	
5.089051	775.238874	775.161807	47.612582	47.612582	
5.099178	775.238874	775.161807	47.612582	47.612582	
5.109361	775.238874	775.161807	47.612582	47.612582	
5.119499	775.238874	775.161807	47.612582	47.612582	
5.129637	775.238874	775.161807	47.612582	47.612582	
5.139756	775.238874	775.161807	47.612582	47.612582	
5.149933	775.238874	775.161807	47.612582	47.612582	
