0.0320574	21.9649686	21.9649686	-2.47836754	-2.47836754	
0.03665132	21.965158	21.9649686	-2.47836754	-2.47836754	
0.04682813	21.9663704	21.9736953	-2.47836754	-2.47836754	
0.05703394	21.9682112	21.9736953	-2.47836754	-2.47836754	
0.06709575	21.9706305	21.9736953	-2.47836754	-2.47836754	
0.07729756	21.9737116	21.9736953	-2.47836754	-2.47836754	
0.08752737	21.9774285	21.9736953	-2.47836754	-2.47836754	
0.09761818	21.9817045	21.9736953	-2.47836754	-2.47836754	
0.109128	21.987427	21.9736953	-2.47836754	-2.47836754	
0.1181858	21.9923484	21.9824219	-2.47836754	-2.47836754	
0.1283296	21.9985175	21.9824219	-2.47836754	-2.47836754	
0.1385194	22.0053399	21.9824219	-2.47836754	-2.47836754	
0.1486982	22.012771	21.9824219	-2.47836754	-2.47836754	
0.15889	22.02084	21.9824219	-2.47836754	-2.47836754	
0.1690738	22.0295211	21.9824219	-2.47836754	-2.47836754	
0.1793687	22.0389421	21.9911486	-2.47836754	-2.47836754	
0.1893465	22.0486508	21.9911486	-2.47836754	-2.47836754	
0.1995543	22.0592228	21.9998752	-2.47836754	-2.47836754	
0.2096821	22.0703228	22.0086019	-2.47836754	-2.47836754	
0.2198369	22.0820718	22.0173285	-2.47836754	-2.47836754	
0.2299777	22.0944237	22.0260552	-2.47836754	-2.47836754	
0.2401825	22.1074833	22.0260552	-2.47836754	-2.47836754	
0.2504213	22.1212096	22.0260552	-2.47836754	-2.47836754	
0.2606771	22.1355946	22.0435085	-2.47836754	-2.47836754	
0.2707339	22.1503061	22.0435085	-2.47836754	-2.47836754	
0.2808988	22.1657864	22.0609617	-2.47836754	-2.47836754	
0.2910066	22.1817973	22.0696884	-2.47836754	-2.47836754	
0.3011434	22.1984717	22.078415	-2.47836754	-2.47836754	
0.3113332	22.2158524	22.0958683	-2.47836754	-2.47836754	
0.321477	22.233774	22.1220483	-2.47836754	-2.47836754	
0.3315958	22.2522649	22.1482282	-2.47836754	-2.47836754	
0.3417776	22.2715087	22.1744081	-2.47836754	-2.47836754	
0.3519404	22.291314	22.2005881	-2.47836754	-2.47836754	
0.3622672	22.3121045	22.2354947	-2.47836754	-2.47836754	
0.3722521	22.3327736	22.2704013	-2.47836754	-2.47836754	
0.3824039	22.3544916	22.3140345	-2.47836754	-2.47836754	
0.3925897	22.3767655	22.3489411	-2.47836754	-2.47836754	
0.4027215	22.3996041	22.3925743	-2.47836754	-2.47836754	
0.4128773	22.4231186	22.4274809	-2.47836754	-2.47836754	
0.4230341	22.4472643	22.4623875	-2.47836754	-2.47836754	
0.4335739	22.4729943	22.5060207	-2.47836754	-2.47836754	
0.4433027	22.4972712	22.5409273	-2.47836754	-2.47836754	
0.4535155	22.5234125	22.5758339	-2.47836754	-2.47836754	
0.4636373	22.5499302	22.6107405	-2.47836754	-2.47836754	
0.4738382	22.5772789	22.6369204	-2.47836754	-2.47836754	
0.483968	22.6050478	22.671827	-2.47836754	-2.47836754	
0.4941198	22.6335016	22.6980069	-2.47836754	-2.47836754	
0.5042816	22.6626122	22.7241869	-2.47836754	-2.47836754	
0.5144654	22.6924031	22.7503668	-2.47836754	-2.47836754	
0.5246272	22.7227364	22.7765467	-2.47836754	-2.47836754	
0.534743	22.7535666	22.8027267	-2.47836754	-2.47836754	
0.5449798	22.7853728	22.8289066	-2.47836754	-2.47836754	
0.5549906	22.8170803	22.8463599	-2.47836754	-2.47836754	
0.5653234	22.8504749	22.8638132	-2.47836754	-2.47836754	
0.5753673	22.883516	22.8812665	-2.47836754	-2.47836754	
0.5854711	22.9173619	22.8987198	-2.47836754	-2.47836754	
0.5955999	22.951918	22.9248997	-2.47836754	-2.47836754	
0.6057607	22.9872073	22.9510797	-2.47836754	-2.47836754	
0.6160165	23.0234571	22.968533	-2.47836754	-2.47836754	
0.6261243	23.0597923	22.9947129	-2.47836754	-2.47836754	
0.6362401	23.0967779	23.0208928	-2.47836754	-2.47836754	
0.6464089	23.1346939	23.0557994	-2.47836754	-2.47836754	
0.6565097	23.1727043	23.090706	-2.47836754	-2.47836754	
0.6666516	23.2116248	23.1256126	-2.47836754	-2.47836754	
0.6770034	23.2520087	23.1692458	-2.47836754	-2.47836754	
0.6869722	23.2914916	23.2128791	-2.47836754	-2.47836754	
0.697148	23.3323893	23.2565123	-2.47836754	-2.47836754	
0.7072588	23.3736572	23.3088722	-2.47836754	-2.47836754	
0.7174686	23.4159578	23.3525054	-2.47836754	-2.47836754	
0.7276274	23.458669	23.4135919	-2.47836754	-2.47836754	
0.7382532	23.504062	23.4659518	-2.47836754	-2.47836754	
0.747975	23.5460756	23.5270383	-2.47836754	-2.47836754	
0.7581429	23.5906779	23.5793982	-2.47836754	-2.47836754	
0.7683027	23.6358732	23.6317581	-2.47836754	-2.47836754	
0.7785405	23.6820285	23.6928446	-2.47836754	-2.47836754	
0.7886623	23.7282947	23.7539311	-2.47836754	-2.47836754	
0.7992391	23.777331	23.806291	-2.47836754	-2.47836754	
0.8093019	23.8245391	23.8673775	-2.47836754	-2.47836754	
0.8294085	23.9219702	23.9720973	-2.47836754	-2.47836754	
0.8341234	23.944737	23.9982772	-2.47836754	-2.47836754	
0.8441462	23.9938457	24.0506371	-2.47836754	-2.47836754	
0.8543031	24.0442641	24.102997	-2.47836754	-2.47836754	
0.8644559	24.0952964	24.1553568	-2.47836754	-2.47836754	
0.8746447	24.1470925	24.1989901	-2.47836754	-2.47836754	
0.8848535	24.1996575	24.25135	-2.47836754	-2.47836754	
0.8949383	24.2521647	24.2949832	-2.47836754	-2.47836754	
0.9051341	24.3058875	24.3473431	-2.47836754	-2.47836754	
0.9152389	24.3597407	24.3822497	-2.47836754	-2.47836754	
0.9253717	24.4143491	24.4346095	-2.47836754	-2.47836754	
0.9359645	24.4721691	24.4695161	-2.47836754	-2.47836754	
0.9457013	24.5258135	24.521876	-2.47836754	-2.47836754	
0.9558362	24.5822907	24.5655092	-2.47836754	-2.47836754	
0.9738728	24.6851795	24.6091425	-2.47836754	-2.47836754	
0.9785177	24.7116219	24.670229	-2.47836754	-2.47836754	
0.9886295	24.7699771	24.7225889	-2.47836754	-2.47836754	
0.9987784	24.8291415	24.7749487	-2.47836754	-2.47836754	
1.009024	24.8894921	24.8273086	-2.47836754	-2.47836754	
1.019107	24.9495351	24.8883951	-2.47836754	-2.47836754	
1.029273	25.0106526	24.940755	-2.47836754	-2.47836754	
1.039416	25.072285	25.0105682	-2.47836754	-2.47836754	
1.049595	25.134753	25.0716547	-2.47836754	-2.47836754	
1.0597	25.1973461	25.1327412	-2.47836754	-2.47836754	
1.069899	25.2611674	25.2025544	-2.47836754	-2.47836754	
1.080063	25.3253756	25.2723676	-2.47836754	-2.47836754	
1.090203	25.3900611	25.3421807	-2.47836754	-2.47836754	
1.100384	25.4556443	25.4207206	-2.47836754	-2.47836754	
1.111779	25.5298936	25.507987	-2.47836754	-2.47836754	
1.12105	25.5906878	25.5778002	-2.47836754	-2.47836754	
1.131123	25.657417	25.65634	-2.47836754	-2.47836754	
1.141298	25.7254463	25.7348798	-2.47836754	-2.47836754	
1.151483	25.7941925	25.8134196	-2.47836754	-2.47836754	
1.161645	25.8633477	25.8919595	-2.47836754	-2.47836754	
1.171792	25.9330315	25.9704993	-2.47836754	-2.47836754	
1.182139	26.0047725	26.0577657	-2.47836754	-2.47836754	
1.19211	26.0744788	26.1275789	-2.47836754	-2.47836754	
1.202303	26.1463457	26.2148454	-2.47836754	-2.47836754	
1.212443	26.2184684	26.2846585	-2.47836754	-2.47836754	
1.222607	26.2914332	26.371925	-2.47836754	-2.47836754	
1.232755	26.3648135	26.4417382	-2.47836754	-2.47836754	
1.242889	26.4387447	26.5115513	-2.47836754	-2.47836754	
1.253064	26.5135825	26.5900912	-2.47836754	-2.47836754	
1.263266	26.589274	26.668631	-2.47836754	-2.47836754	
1.273483	26.6656887	26.7384441	-2.47836754	-2.47836754	
1.283578	26.7417835	26.8082573	-2.47836754	-2.47836754	
1.293719	26.8188586	26.8780705	-2.47836754	-2.47836754	
1.304042	26.8979853	26.9478837	-2.47836754	-2.47836754	
1.314034	26.9751181	27.0176968	-2.47836754	-2.47836754	
1.324191	27.0541724	27.08751	-2.47836754	-2.47836754	
1.334321	27.1336313	27.1573232	-2.47836754	-2.47836754	
1.34447	27.2138819	27.2271363	-2.47836754	-2.47836754	
1.354664	27.2950651	27.2969495	-2.47836754	-2.47836754	
1.364826	27.3766441	27.3667627	-2.47836754	-2.47836754	
1.374933	27.4584094	27.4365758	-2.47836754	-2.47836754	
1.385134	27.5415378	27.506389	-2.47836754	-2.47836754	
1.395213	27.6242363	27.5849288	-2.47836754	-2.47836754	
1.405593	27.7101362	27.6634686	-2.47836754	-2.47836754	
1.415591	27.793406	27.7507351	-2.47836754	-2.47836754	
1.425691	27.8781912	27.8292749	-2.47836754	-2.47836754	
1.435808	27.9636828	27.9165414	-2.47836754	-2.47836754	
1.446132	28.051673	28.0038078	-2.47836754	-2.47836754	
1.456177	28.1377295	28.099801	-2.47836754	-2.47836754	
1.466341	28.225516	28.1870674	-2.47836754	-2.47836754	
1.476472	28.3136325	28.2830605	-2.47836754	-2.47836754	
1.48663	28.4025685	28.3790536	-2.47836754	-2.47836754	
1.496764	28.4919717	28.4837734	-2.47836754	-2.47836754	
1.506909	28.5820365	28.5710399	-2.47836754	-2.47836754	
1.517104	28.6732063	28.667033	-2.47836754	-2.47836754	
1.527239	28.764427	28.7630261	-2.47836754	-2.47836754	
1.537443	28.8569414	28.8590192	-2.47836754	-2.47836754	
1.547913	28.952487	28.9550123	-2.47836754	-2.47836754	
1.557855	29.0437353	29.0422788	-2.47836754	-2.47836754	
1.568123	29.1386943	29.1382719	-2.47836754	-2.47836754	
1.578284	29.233299	29.234265	-2.47836754	-2.47836754	
1.588391	29.3279464	29.3302581	-2.47836754	-2.47836754	
1.598612	29.4243583	29.4262512	-2.47836754	-2.47836754	
1.608817	29.5212345	29.5135177	-2.47836754	-2.47836754	
1.618938	29.6178872	29.6095108	-2.47836754	-2.47836754	
1.629079	29.7153385	29.7055039	-2.47836754	-2.47836754	
1.639216	29.8134652	29.801497	-2.47836754	-2.47836754	
1.649439	29.9129462	29.8974901	-2.47836754	-2.47836754	
1.659528	30.0117685	29.9934832	-2.47836754	-2.47836754	
1.669695	30.1119574	30.0894763	-2.47836754	-2.47836754	
1.679981	30.2140176	30.1941961	-2.47836754	-2.47836754	
1.690029	30.3142458	30.2901892	-2.47836754	-2.47836754	
1.700185	30.4162139	30.3861823	-2.47836754	-2.47836754	
1.710425	30.5200038	30.490902	-2.47836754	-2.47836754	
1.720616	30.6232068	30.5956218	-2.47836754	-2.47836754	
1.730777	30.7270493	30.7003415	-2.47836754	-2.47836754	
1.740963	30.8318741	30.7963347	-2.47836754	-2.47836754	
1.751104	30.9367274	30.9010544	-2.47836754	-2.47836754	
1.761316	31.0430159	31.0057742	-2.47836754	-2.47836754	
1.771434	31.1489062	31.1104939	-2.47836754	-2.47836754	
1.781574	31.2556549	31.2152137	-2.47836754	-2.47836754	
1.791778	31.3636826	31.3286601	-2.47836754	-2.47836754	
1.801919	31.4716904	31.4333798	-2.47836754	-2.47836754	
1.812058	31.5803152	31.5380996	-2.47836754	-2.47836754	
1.822224	31.6897746	31.6428193	-2.47836754	-2.47836754	
1.832417	31.800203	31.7562657	-2.47836754	-2.47836754	
1.842619	31.9113649	31.8697121	-2.47836754	-2.47836754	
1.852714	32.0201117	31.9831585	-2.47836754	-2.47836754	
1.862842	32.1286539	32.0966049	-2.47836754	-2.47836754	
1.873109	32.2380202	32.218778	-2.47836754	-2.47836754	
1.883171	32.3446145	32.3322244	-2.47836754	-2.47836754	
1.893321	32.4515867	32.4543974	-2.47836754	-2.47836754	
1.903494	32.5581721	32.5678438	-2.47836754	-2.47836754	
1.913651	32.6639644	32.6900169	-2.47836754	-2.47836754	
1.923805	32.7691209	32.8121899	-2.47836754	-2.47836754	
1.933979	32.873887	32.934363	-2.47836754	-2.47836754	
1.944157	32.9781068	33.056536	-2.47836754	-2.47836754	
1.954286	33.081174	33.1699824	-2.47836754	-2.47836754	
1.964408	33.1836299	33.2834288	-2.47836754	-2.47836754	
1.974655	33.2867008	33.4056019	-2.47836754	-2.47836754	
1.984739	33.387511	33.5103216	-2.47836754	-2.47836754	
1.994877	33.4882868	33.623768	-2.47836754	-2.47836754	
2.005007	33.5883817	33.7372144	-2.47836754	-2.47836754	
2.01516	33.6880988	33.8419342	-2.47836754	-2.47836754	
2.025356	33.7876372	33.946654	-2.47836754	-2.47836754	
2.035473	33.8858355	34.0426471	-2.47836754	-2.47836754	
2.045661	33.984064	34.1386402	-2.47836754	-2.47836754	
2.055801	34.0812095	34.2346333	-2.47836754	-2.47836754	
2.074269	34.2557713	34.3306264	-2.47836754	-2.47836754	
2.078837	34.2990149	34.4353461	-2.47836754	-2.47836754	
2.089025	34.3946175	34.5226126	-2.47836754	-2.47836754	
2.099152	34.489086	34.5924258	-2.47836754	-2.47836754	
2.111341	34.6019482	34.6796922	-2.47836754	-2.47836754	
2.119431	34.6764358	34.7495054	-2.47836754	-2.47836754	
2.129567	34.7691914	34.8193186	-2.47836754	-2.47836754	
2.139732	34.8616783	34.8891317	-2.47836754	-2.47836754	
2.149899	34.9534251	34.9589449	-2.47836754	-2.47836754	
2.160066	35.0446477	35.0200314	-2.47836754	-2.47836754	
2.170224	35.1352121	35.081118	-2.47836754	-2.47836754	
2.180543	35.2265653	35.1509311	-2.47836754	-2.47836754	
2.190577	35.3147885	35.2207443	-2.47836754	-2.47836754	
2.200707	35.4032527	35.2905575	-2.47836754	-2.47836754	
2.210867	35.4913998	35.3603706	-2.47836754	-2.47836754	
2.221012	35.5787978	35.4301838	-2.47836754	-2.47836754	
2.231183	35.6658476	35.5087236	-2.47836754	-2.47836754	
2.241407	35.7527626	35.5872634	-2.47836754	-2.47836754	
2.251503	35.8378966	35.6745299	-2.47836754	-2.47836754	
2.261653	35.9229076	35.7617964	-2.47836754	-2.47836754	
2.271842	36.0076783	35.8577895	-2.47836754	-2.47836754	
2.281991	36.0915149	35.9537826	-2.47836754	-2.47836754	
2.292131	36.1746515	36.0585023	-2.47836754	-2.47836754	
2.302278	36.2572272	36.1544955	-2.47836754	-2.47836754	
2.312459	36.339497	36.2592152	-2.47836754	-2.47836754	
2.322688	36.4215336	36.363935	-2.47836754	-2.47836754	
2.332775	36.5018565	36.4686547	-2.47836754	-2.47836754	
2.343236	36.5845685	36.5733745	-2.47836754	-2.47836754	
2.353181	36.6625161	36.6780942	-2.47836754	-2.47836754	
2.363236	36.7407793	36.782814	-2.47836754	-2.47836754	
2.373388	36.8195974	36.8788071	-2.47836754	-2.47836754	
2.383553	36.8971253	36.9748002	-2.47836754	-2.47836754	
2.393714	36.9744015	37.0707933	-2.47836754	-2.47836754	
2.40389	37.0512238	37.1667864	-2.47836754	-2.47836754	
2.414018	37.1270488	37.2453262	-2.47836754	-2.47836754	
2.424177	37.2024878	37.3325927	-2.47836754	-2.47836754	
2.434326	37.2772664	37.4198592	-2.47836754	-2.47836754	
2.452875	37.4115643	37.5420322	-2.47836754	-2.47836754	
2.465348	37.5010607	37.6292987	-2.47836754	-2.47836754	
2.469919	37.5338683	37.6642053	-2.47836754	-2.47836754	
2.48009	37.6060922	37.7252918	-2.47836754	-2.47836754	
2.490212	37.6773789	37.7776517	-2.47836754	-2.47836754	
2.500407	37.748599	37.8300115	-2.47836754	-2.47836754	
2.51058	37.8190143	37.8823714	-2.47836754	-2.47836754	
2.520732	37.8887046	37.9347313	-2.47836754	-2.47836754	
2.530871	37.9576999	37.9783645	-2.47836754	-2.47836754	
2.541227	38.0275805	38.0307244	-2.47836754	-2.47836754	
2.551203	38.0942824	38.0743576	-2.47836754	-2.47836754	
2.561413	38.1619481	38.1179909	-2.47836754	-2.47836754	
2.571525	38.2283715	38.1703507	-2.47836754	-2.47836754	
2.58166	38.2943341	38.2227106	-2.47836754	-2.47836754	
2.591828	38.3599085	38.2663438	-2.47836754	-2.47836754	
2.601963	38.4247047	38.3274304	-2.47836754	-2.47836754	
2.612138	38.4891398	38.3797903	-2.47836754	-2.47836754	
2.622292	38.5528483	38.4321501	-2.47836754	-2.47836754	
2.632495	38.6162138	38.5019633	-2.47836754	-2.47836754	
2.643008	38.680908	38.5717765	-2.47836754	-2.47836754	
2.652812	38.7406593	38.6415896	-2.47836754	-2.47836754	
2.663111	38.8028266	38.7114028	-2.47836754	-2.47836754	
2.673338	38.8639295	38.781216	-2.47836754	-2.47836754	
2.683611	38.9247216	38.8510291	-2.47836754	-2.47836754	
2.693568	38.9830536	38.9382956	-2.47836754	-2.47836754	
2.703738	39.0420205	39.0081088	-2.47836754	-2.47836754	
2.713866	39.1001605	39.0866486	-2.47836754	-2.47836754	
2.724019	39.1578444	39.1651884	-2.47836754	-2.47836754	
2.734151	39.2148022	39.2437282	-2.47836754	-2.47836754	
2.744692	39.2734405	39.322268	-2.47836754	-2.47836754	
2.754461	39.3272047	39.3920812	-2.47836754	-2.47836754	
2.764862	39.3838555	39.4618944	-2.47836754	-2.47836754	
2.774822	39.4374944	39.5317076	-2.47836754	-2.47836754	
2.784913	39.4912656	39.5927941	-2.47836754	-2.47836754	
2.796664	39.5538893	39.6538806	-2.47836754	-2.47836754	
2.805207	39.5975475	39.7236938	-2.47836754	-2.47836754	
2.815361	39.6498647	39.7760537	-2.47836754	-2.47836754	
2.825496	39.7014839	39.8284135	-2.47836754	-2.47836754	
2.83587	39.7536894	39.8720468	-2.47836754	-2.47836754	
2.853919	39.8422304	39.9244066	-2.47836754	-2.47836754	
2.85856	39.8650308	39.9680399	-2.47836754	-2.47836754	
2.868672	39.914024	40.0116731	-2.47836754	-2.47836754	
2.878836	39.9626175	40.0553063	-2.47836754	-2.47836754	
2.889082	40.0110175	40.0902129	-2.47836754	-2.47836754	
2.899143	40.0579545	40.1251195	-2.47836754	-2.47836754	
2.909315	40.1048493	40.1600261	-2.47836754	-2.47836754	
2.919462	40.1509982	40.1949327	-2.47836754	-2.47836754	
2.92964	40.1967023	40.2298393	-2.47836754	-2.47836754	
2.939765	40.2415648	40.2647458	-2.47836754	-2.47836754	
2.94998	40.2862386	40.2909258	-2.47836754	-2.47836754	
2.960152	40.3301114	40.3258324	-2.47836754	-2.47836754	
2.970302	40.3733043	40.360739	-2.47836754	-2.47836754	
2.98048	40.4160263	40.3956455	-2.47836754	-2.47836754	
2.990587	40.4579769	40.4305521	-2.47836754	-2.47836754	
3.000777	40.4994153	40.4654587	-2.47836754	-2.47836754	
3.010929	40.5402359	40.5003653	-2.47836754	-2.47836754	
3.021112	40.5805873	40.5439985	-2.47836754	-2.47836754	
3.031261	40.6202161	40.5789051	-2.47836754	-2.47836754	
3.041448	40.6594065	40.6225383	-2.47836754	-2.47836754	
3.05162	40.697922	40.6661716	-2.47836754	-2.47836754	
3.061764	40.7357413	40.7010782	-2.47836754	-2.47836754	
3.071948	40.7731275	40.7447114	-2.47836754	-2.47836754	
3.082107	40.8098194	40.7883446	-2.47836754	-2.47836754	
3.092196	40.845673	40.8232512	-2.47836754	-2.47836754	
3.102387	40.8813012	40.8581578	-2.47836754	-2.47836754	
3.114689	40.9233899	40.901791	-2.47836754	-2.47836754	
3.122757	40.9506738	40.9366976	-2.47836754	-2.47836754	
3.132809	40.9840618	40.9716042	-2.47836754	-2.47836754	
3.142947	41.0171515	41.0065108	-2.47836754	-2.47836754	
3.153264	41.0502207	41.0414174	-2.47836754	-2.47836754	
3.163319	41.0818585	41.0763239	-2.47836754	-2.47836754	
3.173497	41.1132947	41.1025039	-2.47836754	-2.47836754	
3.183932	41.1449195	41.1374105	-2.47836754	-2.47836754	
3.193789	41.1742177	41.1548638	-2.47836754	-2.47836754	
3.203939	41.2038068	41.1897703	-2.47836754	-2.47836754	
3.214085	41.2328012	41.2072236	-2.47836754	-2.47836754	
3.224254	41.2612779	41.2421302	-2.47836754	-2.47836754	
3.23439	41.2890684	41.2595835	-2.47836754	-2.47836754	
3.244502	41.3162394	41.2857635	-2.47836754	-2.47836754	
3.254722	41.3431571	41.3119434	-2.47836754	-2.47836754	
3.264858	41.369117	41.3293967	-2.47836754	-2.47836754	
3.274998	41.3945864	41.3555766	-2.47836754	-2.47836754	
3.285138	41.419472	41.3817566	-2.47836754	-2.47836754	
3.295295	41.4438255	41.3992099	-2.47836754	-2.47836754	
3.3055	41.4677025	41.4253898	-2.47836754	-2.47836754	
3.315597	41.4907463	41.4515697	-2.47836754	-2.47836754	
3.325761	41.5133685	41.4777497	-2.47836754	-2.47836754	
3.335975	41.5355098	41.5039296	-2.47836754	-2.47836754	
3.346154	41.5570006	41.5213829	-2.47836754	-2.47836754	
3.356216	41.5776741	41.5475628	-2.47836754	-2.47836754	
3.366339	41.5978997	41.5737428	-2.47836754	-2.47836754	
3.376519	41.6176583	41.6086494	-2.47836754	-2.47836754	
3.386727	41.6368873	41.6261027	-2.47836754	-2.47836754	
3.396838	41.6553671	41.6522826	-2.47836754	-2.47836754	
3.406967	41.6733142	41.6784625	-2.47836754	-2.47836754	
3.417155	41.6907866	41.7046425	-2.47836754	-2.47836754	
3.427279	41.7075804	41.7220958	-2.47836754	-2.47836754	
3.43744	41.723863	41.7395491	-2.47836754	-2.47836754	
3.44805	41.7402423	41.7570024	-2.47836754	-2.47836754	
3.457829	41.7548232	41.7744556	-2.47836754	-2.47836754	
3.468007	41.7694277	41.7831823	-2.47836754	-2.47836754	
3.478178	41.7834533	41.8006356	-2.47836754	-2.47836754	
3.488303	41.7968624	41.8093622	-2.47836754	-2.47836754	
3.498755	41.8101071	41.8180889	-2.47836754	-2.47836754	
3.50882	41.8223128	41.8180889	-2.47836754	-2.47836754	
3.518986	41.8340889	41.8355422	-2.47836754	-2.47836754	
3.529208	41.8453663	41.8355422	-2.47836754	-2.47836754	
3.539272	41.8559344	41.8355422	-2.47836754	-2.47836754	
3.549736	41.8663305	41.8442688	-2.47836754	-2.47836754	
3.559894	41.8758877	41.8529955	-2.47836754	-2.47836754	
3.570039	41.8848921	41.8529955	-2.47836754	-2.47836754	
3.580179	41.8933582	41.8617221	-2.47836754	-2.47836754	
3.590307	41.9012844	41.8704488	-2.47836754	-2.47836754	
3.600535	41.9087565	41.8704488	-2.47836754	-2.47836754	
3.610715	41.915662	41.8791754	-2.47836754	-2.47836754	
3.620809	41.9220045	41.887902	-2.47836754	-2.47836754	
3.630962	41.9278725	41.8966287	-2.47836754	-2.47836754	
3.641096	41.9332298	41.9053553	-2.47836754	-2.47836754	
3.651319	41.9381333	41.914082	-2.47836754	-2.47836754	
3.661449	41.9425106	41.9228086	-2.47836754	-2.47836754	
3.671612	41.9464302	41.9315353	-2.47836754	-2.47836754	
3.681788	41.9498935	41.9402619	-2.47836754	-2.47836754	
3.691943	41.9529031	41.9489886	-2.47836754	-2.47836754	
3.702102	41.9554894	41.9577152	-2.47836754	-2.47836754	
3.712304	41.9576781	41.9577152	-2.47836754	-2.47836754	
3.722461	41.9594787	41.9577152	-2.47836754	-2.47836754	
3.732613	41.9649686	41.9664419	-2.47836754	-2.47836754	
3.74278	41.9649686	41.9664419	-2.47836754	-2.47836754	
