0.04136421	2306.62714	2306.62714	0	0	
0.04591613	2306.62733	2306.62714	0	0	
0.05604593	2306.62852	2306.62714	0	0	
0.06618474	2306.63034	2306.62714	0	0	
0.07638755	2306.6328	2306.62714	0	0	
0.08653335	2306.63586	2306.62714	0	0	
0.09671616	2306.63955	2306.62714	0	0	
0.106887	2306.64386	2306.62714	0	0	
0.1170998	2306.64881	2306.62714	0	0	
0.1273646	2306.65442	2306.62714	0	0	
0.1376714	2306.6607	2306.62714	0	0	
0.1475572	2306.66729	2306.62714	0	0	
0.157678	2306.67466	2306.62714	0	0	
0.1678188	2306.68266	2306.62714	0	0	
0.1779556	2306.69127	2306.62714	0	0	
0.1881414	2306.70055	2306.62714	0	0	
0.1983622	2306.7105	2306.62714	0	0	
0.208453	2306.72091	2306.62714	0	0	
0.2186208	2306.7321	2306.62714	0	0	
0.2288186	2306.74382	2306.62714	0	0	
0.2392534	2306.75654	2306.63587	0	0	
0.2496463	2306.77029	2306.64459	0	0	
0.2592071	2306.78263	2306.66205	0	0	
0.2693509	2306.79681	2306.67077	0	0	
0.2794797	2306.81159	2306.69695	0	0	
0.2896275	2306.82701	2306.71441	0	0	
0.2998363	2306.84315	2306.74059	0	0	
0.3099551	2306.85977	2306.76677	0	0	
0.3201319	2306.87711	2306.80167	0	0	
0.3302377	2306.89492	2306.83658	0	0	
0.3404265	2306.91352	2306.88021	0	0	
0.3506073	2306.93271	2306.92385	0	0	
0.3607171	2306.95239	2306.95875	0	0	
0.3709009	2306.97285	2307.00239	0	0	
0.3811248	2306.99399	2307.04602	0	0	
0.3990444	2307.03341	2307.08093	0	0	
0.4036153	2307.04341	2307.13328	0	0	
0.4138821	2307.06668	2307.16819	0	0	
0.4240289	2307.09029	2307.2031	0	0	
0.4341847	2307.11452	2307.238	0	0	
0.4443795	2307.1395	2307.26418	0	0	
0.4545494	2307.165	2307.29036	0	0	
0.4647152	2307.19114	2307.31654	0	0	
0.474885	2307.21791	2307.34272	0	0	
0.4850858	2307.24538	2307.36018	0	0	
0.4952096	2307.27325	2307.37763	0	0	
0.5053744	2307.30185	2307.39508	0	0	
0.5155922	2307.33124	2307.40381	0	0	
0.525711	2307.36095	2307.41254	0	0	
0.5358918	2307.39147	2307.42999	0	0	
0.5460236	2307.42247	2307.42999	0	0	
0.5562244	2307.45428	2307.43872	0	0	
0.5664322	2307.48676	2307.44744	0	0	
0.576546	2307.51955	2307.45617	0	0	
0.5866578	2307.55293	2307.4649	0	0	
0.5969196	2307.58746	2307.48235	0	0	
0.6069945	2307.62194	2307.49108	0	0	
0.6171463	2307.65732	2307.50853	0	0	
0.6275261	2307.69416	2307.53471	0	0	
0.6375019	2307.73013	2307.56089	0	0	
0.6476597	2307.76741	2307.5958	0	0	
0.6577905	2307.80518	2307.6307	0	0	
0.6679703	2307.84376	2307.67434	0	0	
0.6781261	2307.88286	2307.71797	0	0	
0.6882639	2307.92251	2307.77033	0	0	
0.6984167	2307.96299	2307.83142	0	0	
0.7085845	2308.00387	2307.88378	0	0	
0.7187583	2308.04552	2307.94486	0	0	
0.7288911	2308.08764	2308.01468	0	0	
0.7390849	2308.13063	2308.07576	0	0	
0.7492587	2308.17415	2308.14558	0	0	
0.7593606	2308.21796	2308.21539	0	0	
0.7695244	2308.26268	2308.2852	0	0	
0.7796512	2308.30788	2308.35502	0	0	
0.789864	2308.35402	2308.42483	0	0	
0.7999608	2308.40031	2308.49464	0	0	
0.8101286	2308.44749	2308.55573	0	0	
0.8202444	2308.49507	2308.61681	0	0	
0.8305112	2308.54402	2308.66917	0	0	
0.840759	2308.5935	2308.72153	0	0	
0.8507348	2308.64223	2308.77389	0	0	
0.8609486	2308.69277	2308.82625	0	0	
0.8710214	2308.74319	2308.86989	0	0	
0.8890561	2308.8359	2308.91352	0	0	
0.893611	2308.85926	2308.96588	0	0	
0.9037778	2308.91216	2309.00079	0	0	
0.9139346	2308.96565	2309.03569	0	0	
0.9240954	2309.01977	2309.0706	0	0	
0.9343022	2309.07478	2309.11423	0	0	
0.944465	2309.13019	2309.14914	0	0	
0.9546298	2309.18616	2309.18405	0	0	
0.9647766	2309.24269	2309.21895	0	0	
0.9749295	2309.29986	2309.25386	0	0	
0.9851013	2309.35778	2309.29749	0	0	
0.9952631	2309.41625	2309.3324	0	0	
1.005457	2309.47553	2309.37603	0	0	
1.015586	2309.53503	2309.41967	0	0	
1.025751	2309.59537	2309.47203	0	0	
1.035922	2309.65638	2309.52439	0	0	
1.04609	2309.71803	2309.57675	0	0	
1.056261	2309.78023	2309.64656	0	0	
1.06643	2309.84309	2309.70765	0	0	
1.076579	2309.90642	2309.77746	0	0	
1.086675	2309.97005	2309.856	0	0	
1.096852	2310.03482	2309.92581	0	0	
1.107014	2310.10009	2310.00435	0	0	
1.117234	2310.1664	2310.08289	0	0	
1.127346	2310.23262	2310.17016	0	0	
1.137498	2310.29965	2310.25742	0	0	
1.147701	2310.36772	2310.34469	0	0	
1.157808	2310.4357	2310.43196	0	0	
1.167961	2310.50464	2310.52795	0	0	
1.178112	2310.5742	2310.61522	0	0	
1.188298	2310.64459	2310.70248	0	0	
1.198569	2310.71623	2310.79848	0	0	
1.208709	2310.78756	2310.87702	0	0	
1.218876	2310.85972	2310.96428	0	0	
1.229112	2310.93297	2311.05155	0	0	
1.239199	2311.00577	2311.13009	0	0	
1.249364	2311.07977	2311.1999	0	0	
1.259561	2311.15464	2311.28717	0	0	
1.269643	2311.22921	2311.35698	0	0	
1.279884	2311.30561	2311.42679	0	0	
1.289943	2311.38126	2311.49661	0	0	
1.300123	2311.45848	2311.56642	0	0	
1.310283	2311.53612	2311.62751	0	0	
1.32038	2311.61392	2311.68859	0	0	
1.330557	2311.69297	2311.75841	0	0	
1.341586	2311.77937	2311.81949	0	0	
1.350854	2311.85245	2311.88058	0	0	
1.362598	2311.94715	2311.94167	0	0	
1.372069	2312.02183	2312.01148	0	0	
1.3822	2312.10362	2312.07257	0	0	
1.392349	2312.18619	2312.14238	0	0	
1.402497	2312.26966	2312.21219	0	0	
1.420536	2312.41968	2312.35182	0	0	
1.425083	2312.45744	2312.38673	0	0	
1.435254	2312.54283	2312.46527	0	0	
1.453623	2312.69953	2312.54381	0	0	
1.458154	2312.73808	2312.64853	0	0	
1.468378	2312.826	2312.74452	0	0	
1.478605	2312.91491	2312.84051	0	0	
1.488713	2313.00251	2312.9365	0	0	
1.498859	2313.09156	2313.04122	0	0	
1.509081	2313.18188	2313.14594	0	0	
1.519154	2313.27151	2313.25066	0	0	
1.529401	2313.36332	2313.36411	0	0	
1.539528	2313.45467	2313.46883	0	0	
1.549713	2313.54715	2313.57355	0	0	
1.559861	2313.63989	2313.67827	0	0	
1.570043	2313.73361	2313.78299	0	0	
1.580162	2313.82735	2313.88771	0	0	
1.590287	2313.92175	2313.99243	0	0	
1.600444	2314.01704	2314.08842	0	0	
1.610621	2314.11321	2314.18442	0	0	
1.620747	2314.20945	2314.28913	0	0	
1.630936	2314.307	2314.3764	0	0	
1.641034	2314.40417	2314.47239	0	0	
1.651285	2314.50356	2314.56839	0	0	
1.661379	2314.60193	2314.65565	0	0	
1.671508	2314.70129	2314.74292	0	0	
1.681708	2314.80202	2314.83891	0	0	
1.69186	2314.90284	2314.92618	0	0	
1.701992	2315.00409	2315.01345	0	0	
1.712097	2315.10571	2315.10071	0	0	
1.722287	2315.20885	2315.19671	0	0	
1.732424	2315.31197	2315.28397	0	0	
1.750794	2315.50144	2315.44978	0	0	
1.755352	2315.54832	2315.49341	0	0	
1.765495	2315.65355	2315.58068	0	0	
1.775698	2315.76004	2315.67667	0	0	
1.785992	2315.86811	2315.77266	0	0	
1.796145	2315.97532	2315.87738	0	0	
1.806308	2316.08324	2315.9821	0	0	
1.816454	2316.19161	2316.08682	0	0	
1.826558	2316.30049	2316.19154	0	0	
1.836712	2316.40985	2316.30499	0	0	
1.846902	2316.52058	2316.41844	0	0	
1.857029	2316.63115	2316.54061	0	0	
1.867188	2316.74094	2316.65406	0	0	
1.877362	2316.85022	2316.77623	0	0	
1.887546	2316.95903	2316.8984	0	0	
1.897665	2317.06648	2317.02058	0	0	
1.907844	2317.17399	2317.15147	0	0	
1.917976	2317.28041	2317.27365	0	0	
1.928125	2317.38639	2317.40455	0	0	
1.938272	2317.49172	2317.52672	0	0	
1.94848	2317.59712	2317.65762	0	0	
1.958695	2317.70194	2317.77979	0	0	
1.96879	2317.80487	2317.90197	0	0	
1.978915	2317.90755	2318.02414	0	0	
1.989144	2318.01067	2318.14631	0	0	
1.99925	2318.11192	2318.25976	0	0	
2.009369	2318.21267	2318.37321	0	0	
2.019519	2318.31317	2318.48665	0	0	
2.029653	2318.41288	2318.58264	0	0	
2.039847	2318.5126	2318.68736	0	0	
2.050018	2318.61145	2318.78336	0	0	
2.060155	2318.70933	2318.87935	0	0	
2.07029	2318.8066	2318.96662	0	0	
2.080411	2318.90316	2319.05388	0	0	
2.090587	2318.99994	2319.14115	0	0	
2.100749	2319.09533	2319.22842	0	0	
2.110884	2319.19015	2319.30696	0	0	
2.121028	2319.28446	2319.3855	0	0	
2.131257	2319.37901	2319.47276	0	0	
2.141389	2319.47196	2319.54258	0	0	
2.151518	2319.56433	2319.62112	0	0	
2.161641	2319.656	2319.69093	0	0	
2.171825	2319.74762	2319.76947	0	0	
2.181934	2319.83796	2319.83928	0	0	
2.192095	2319.92819	2319.9091	0	0	
2.202255	2320.01777	2319.97891	0	0	
2.212396	2320.10655	2320.04872	0	0	
2.222684	2320.19601	2320.12726	0	0	
2.232737	2320.28284	2320.19707	0	0	
2.242866	2320.36972	2320.27561	0	0	
2.253122	2320.45706	2320.34543	0	0	
2.263201	2320.54229	2320.43269	0	0	
2.273317	2320.6272	2320.51123	0	0	
2.283459	2320.71177	2320.58977	0	0	
2.293639	2320.796	2320.67704	0	0	
2.303783	2320.87934	2320.76431	0	0	
2.313967	2320.96241	2320.8603	0	0	
2.324117	2321.04458	2320.95629	0	0	
2.334295	2321.12635	2321.04356	0	0	
2.344417	2321.20709	2321.13955	0	0	
2.354687	2321.28842	2321.23555	0	0	
2.364797	2321.3678	2321.33154	0	0	
2.37493	2321.44677	2321.42753	0	0	
2.385095	2321.52541	2321.5148	0	0	
2.395242	2321.60331	2321.61079	0	0	
2.405431	2321.68089	2321.70678	0	0	
2.415611	2321.75781	2321.79405	0	0	
2.425743	2321.83374	2321.88132	0	0	
2.435954	2321.90965	2321.96858	0	0	
2.446076	2321.98431	2322.05585	0	0	
2.456277	2322.05894	2322.13439	0	0	
2.466394	2322.13233	2322.21293	0	0	
2.476572	2322.20556	2322.28274	0	0	
2.486799	2322.27852	2322.36128	0	0	
2.496945	2322.3503	2322.42237	0	0	
2.507101	2322.42154	2322.49218	0	0	
2.51733	2322.4927	2322.55327	0	0	
2.527418	2322.56224	2322.61436	0	0	
2.537568	2322.6316	2322.67544	0	0	
2.547868	2322.70142	2322.73653	0	0	
2.557918	2322.76889	2322.78889	0	0	
2.568047	2322.83628	2322.84997	0	0	
2.578199	2322.90324	2322.90233	0	0	
2.588349	2322.96959	2322.95469	0	0	
2.598671	2323.03642	2323.01578	0	0	
2.608714	2323.10085	2323.06814	0	0	
2.618859	2323.16536	2323.1205	0	0	
2.62906	2323.22957	2323.18159	0	0	
2.639183	2323.29268	2323.24267	0	0	
2.649647	2323.35733	2323.29503	0	0	
2.659475	2323.41743	2323.35612	0	0	
2.669627	2323.47891	2323.41721	0	0	
2.679834	2323.54013	2323.48702	0	0	
2.689921	2323.60002	2323.54811	0	0	
2.700105	2323.65987	2323.60919	0	0	
2.710225	2323.71875	2323.67901	0	0	
2.720348	2323.77704	2323.74882	0	0	
2.73054	2323.83534	2323.80991	0	0	
2.740676	2323.8923	2323.87972	0	0	
2.759152	2323.99406	2323.94081	0	0	
2.763717	2324.01923	2324.02807	0	0	
2.773895	2324.07464	2324.09789	0	0	
2.784027	2324.12919	2324.1677	0	0	
2.794189	2324.1833	2324.22878	0	0	
2.804367	2324.23688	2324.28987	0	0	
2.814553	2324.28993	2324.35096	0	0	
2.824631	2324.34179	2324.41204	0	0	
2.83479	2324.39349	2324.4644	0	0	
2.845006	2324.44483	2324.52549	0	0	
2.855147	2324.4952	2324.56912	0	0	
2.86528	2324.54494	2324.63021	0	0	
2.875458	2324.59429	2324.67384	0	0	
2.885625	2324.64299	2324.7262	0	0	
2.895771	2324.69097	2324.76984	0	0	
2.905922	2324.73838	2324.81347	0	0	
2.916128	2324.78543	2324.8571	0	0	
2.926267	2324.83159	2324.90074	0	0	
2.936442	2324.87731	2324.93564	0	0	
2.946616	2324.9224	2324.97055	0	0	
2.956757	2324.96676	2325.01418	0	0	
2.966907	2325.01054	2325.04909	0	0	
2.977019	2325.05357	2325.084	0	0	
2.98722	2325.09638	2325.1189	0	0	
2.997423	2325.13856	2325.15381	0	0	
3.007518	2325.17972	2325.18872	0	0	
3.017671	2325.22052	2325.22362	0	0	
3.027817	2325.26071	2325.25853	0	0	
3.038097	2325.3008	2325.29344	0	0	
3.048143	2325.33937	2325.31962	0	0	
3.05831	2325.37783	2325.35452	0	0	
3.068468	2325.41564	2325.38943	0	0	
3.078695	2325.45311	2325.43306	0	0	
3.088717	2325.48924	2325.46797	0	0	
3.098894	2325.52532	2325.50288	0	0	
3.109038	2325.56069	2325.54651	0	0	
3.119196	2325.59551	2325.58142	0	0	
3.129494	2325.63022	2325.61632	0	0	
3.139477	2325.66328	2325.65123	0	0	
3.149659	2325.69638	2325.68613	0	0	
3.159852	2325.72893	2325.72104	0	0	
3.169947	2325.76056	2325.76467	0	0	
3.180129	2325.79189	2325.79958	0	0	
3.190234	2325.82239	2325.84321	0	0	
3.200371	2325.85238	2325.87812	0	0	
3.210511	2325.88179	2325.91303	0	0	
3.220687	2325.91071	2325.93921	0	0	
3.230855	2325.93902	2325.96539	0	0	
3.240958	2325.96656	2326.00029	0	0	
3.251219	2325.99394	2326.02647	0	0	
3.278969	2326.06213	2326.07011	0	0	
3.283534	2326.0735	2326.10501	0	0	
3.29366	2326.09805	2326.12247	0	0	
3.303856	2326.12218	2326.13992	0	0	
3.314013	2326.14562	2326.15737	0	0	
3.324175	2326.16849	2326.1661	0	0	
3.334316	2326.19073	2326.17483	0	0	
3.354418	2326.23199	2326.20101	0	0	
3.359121	2326.24171	2326.20101	0	0	
3.369252	2326.26194	2326.20973	0	0	
3.379396	2326.28161	2326.21846	0	0	
3.389564	2326.30075	2326.22719	0	0	
3.399686	2326.31924	2326.23591	0	0	
3.409847	2326.33722	2326.24464	0	0	
3.420054	2326.3547	2326.24464	0	0	
3.430175	2326.37146	2326.26209	0	0	
3.440301	2326.38766	2326.27082	0	0	
3.450435	2326.40331	2326.28827	0	0	
3.46064	2326.41851	2326.30573	0	0	
3.470843	2326.4331	2326.32318	0	0	
3.480965	2326.44703	2326.34936	0	0	
3.491165	2326.4605	2326.36681	0	0	
3.501391	2326.47344	2326.38427	0	0	
3.511419	2326.48558	2326.41917	0	0	
3.521519	2326.49725	2326.44535	0	0	
3.532015	2326.50879	2326.47153	0	0	
3.541857	2326.51909	2326.49771	0	0	
3.552107	2326.52927	2326.52389	0	0	
3.562176	2326.53872	2326.55007	0	0	
3.572316	2326.54769	2326.57625	0	0	
3.582432	2326.55612	2326.60243	0	0	
3.592669	2326.5641	2326.62861	0	0	
3.602832	2326.57149	2326.64607	0	0	
3.612965	2326.57835	2326.66352	0	0	
3.623135	2326.5847	2326.68097	0	0	
3.633299	2326.59054	2326.69843	0	0	
3.643454	2326.59587	2326.70715	0	0	
3.653913	2326.60084	2326.70715	0	0	
3.663802	2326.60508	2326.70715	0	0	
3.673946	2326.60895	2326.70715	0	0	
3.684116	2326.61237	2326.69843	0	0	
3.694297	2326.61535	2326.69843	0	0	
3.704434	2326.6179	2326.6897	0	0	
3.714597	2326.62004	2326.68097	0	0	
3.724779	2326.62181	2326.68097	0	0	
3.734946	2326.62714	2326.66352	0	0	
3.745102	2326.62714	2326.66352	0	0	
3.755609	2326.62714	2326.65479	0	0	
3.765475	2326.62714	2326.64607	0	0	
3.775614	2326.62714	2326.62861	0	0	
3.785741	2326.62714	2326.62861	0	0	
3.795972	2326.62714	2326.61989	0	0	
3.806094	2326.62714	2326.61989	0	0	
3.81623	2326.62714	2326.61989	0	0	
3.826346	2326.62714	2326.61989	0	0	
3.836493	2326.62714	2326.61989	0	0	
3.846721	2326.62714	2326.61989	0	0	
