0.06037086	8999.12619	8999.15324	0	0	
0.06518977	8999.12725	8999.27542	0	0	
0.07547758	8999.13032	8999.31905	0	0	
0.08564338	8999.13398	8999.34523	0	0	
0.09587119	8999.13828	8999.36268	0	0	
0.106139	8999.14324	8999.37141	0	0	
0.1162728	8999.14874	8999.37141	0	0	
0.1264936	8999.15492	8999.36268	0	0	
0.1367064	8999.16172	8999.34523	0	0	
0.1470722	8999.16927	8999.31905	0	0	
0.157097	8999.17717	8999.29287	0	0	
0.1673118	8999.18589	8999.25796	0	0	
0.1775236	8999.19514	8999.22306	0	0	
0.1878275	8999.20517	8999.19688	0	0	
0.1980263	8999.21571	8999.16197	0	0	
0.2082341	8999.22689	8999.12706	0	0	
0.2185059	8999.23877	8999.10961	0	0	
0.2286747	8999.25116	8999.08343	0	0	
0.2388905	8999.26422	8999.06598	0	0	
0.2490653	8999.27786	8999.05725	0	0	
0.2592901	8999.29218	8999.04852	0	0	
0.2696479	8999.30735	8999.04852	0	0	
0.2797527	8999.32274	8999.05725	0	0	
0.2901115	8999.33918	8999.06598	0	0	
0.3001953	8999.35579	8999.09216	0	0	
0.3104591	8999.37332	8999.10961	0	0	
0.3208089	8999.39165	8999.14452	0	0	
0.3308718	8999.41006	8999.18815	0	0	
0.3411926	8999.42961	8999.23178	0	0	
0.3512604	8999.44926	8999.28414	0	0	
0.3615342	8999.46996	8999.3365	0	0	
0.371817	8999.49132	8999.38886	0	0	
0.3820128	8999.51311	8999.44122	0	0	
0.3922926	8999.53572	8999.49358	0	0	
0.4024794	8999.55875	8999.54594	0	0	
0.4126912	8999.58247	8999.60703	0	0	
0.422866	8999.60671	8999.65939	0	0	
0.4331108	8999.63174	8999.72047	0	0	
0.4433326	8999.65737	8999.76411	0	0	
0.4535634	8999.68363	8999.81647	0	0	
0.4805579	8999.75864	8999.89501	0	0	
0.4854918	8999.77217	8999.94737	0	0	
0.4955716	8999.80059	8999.98227	0	0	
0.5058164	8999.8301	9000.01718	0	0	
0.5157253	8999.8592	9000.03463	0	0	
0.5258591	8999.8896	9000.06081	0	0	
0.5359949	8999.92063	9000.06954	0	0	
0.5461667	8999.95239	9000.08699	0	0	
0.5562635	8999.98453	9000.09572	0	0	
0.5664513	9000.01758	9000.09572	0	0	
0.5766621	9000.05133	9000.10445	0	0	
0.5873869	9000.08749	9000.10445	0	0	
0.5974507	9000.122	9000.10445	0	0	
0.6075985	9000.15744	9000.10445	0	0	
0.6177743	9000.19357	9000.10445	0	0	
0.6279311	9000.23027	9000.10445	0	0	
0.6380719	9000.26752	9000.10445	0	0	
0.6482418	9000.30552	9000.11317	0	0	
0.6584066	9000.34409	9000.1219	0	0	
0.6686734	9000.38372	9000.13935	0	0	
0.6787162	9000.42304	9000.16553	0	0	
0.6939939	9000.48459	9000.21789	0	0	
0.7041737	9000.52601	9000.26153	0	0	
0.7143965	9000.56825	9000.31389	0	0	
0.7246613	9000.61131	9000.37497	0	0	
0.7347471	9000.65422	9000.44479	0	0	
0.7450249	9000.69857	9000.52333	0	0	
0.7552157	9000.74317	9000.59314	0	0	
0.7666945	9000.79421	9000.68041	0	0	
0.7755854	9000.83417	9000.76767	0	0	
0.7856722	9000.88015	9000.85494	0	0	
0.795808	9000.92697	9000.94221	0	0	
0.8059588	9000.97449	9001.02947	0	0	
0.8161206	9001.0227	9001.11674	0	0	
0.8262774	9001.07146	9001.204	0	0	
0.8363852	9001.12063	9001.29127	0	0	
0.846578	9001.17082	9001.36981	0	0	
0.8567198	9001.22139	9001.44835	0	0	
0.8672616	9001.27465	9001.51816	0	0	
0.8773914	9001.32641	9001.57925	0	0	
0.8875202	9001.37892	9001.64034	0	0	
0.897706	9001.43204	9001.6927	0	0	
0.9078429	9001.48569	9001.74506	0	0	
0.9180047	9001.5401	9001.78869	0	0	
0.9281505	9001.59504	9001.83232	0	0	
0.9383433	9001.65084	9001.8585	0	0	
0.9484931	9001.70703	9001.88468	0	0	
0.9586319	9001.76379	9001.91086	0	0	
0.9688437	9001.82157	9001.92832	0	0	
0.9790335	9001.87989	9001.94577	0	0	
0.9891123	9001.9381	9001.96322	0	0	
0.9992561	9001.99735	9001.98068	0	0	
1.00941	9002.05728	9001.99813	0	0	
1.019921	9002.12045	9002.00686	0	0	
1.029773	9002.17934	9002.03304	0	0	
1.039867	9002.24075	9002.05922	0	0	
1.050128	9002.3038	9002.0854	0	0	
1.062279	9002.3795	9002.1203	0	0	
1.07033	9002.42989	9002.16394	0	0	
1.080464	9002.49401	9002.2163	0	0	
1.090732	9002.55961	9002.26866	0	0	
1.100781	9002.62443	9002.33847	0	0	
1.110945	9002.69059	9002.40828	0	0	
1.121087	9002.75725	9002.49555	0	0	
1.131241	9002.82459	9002.58281	0	0	
1.141361	9002.89233	9002.68753	0	0	
1.151538	9002.96132	9002.79225	0	0	
1.161679	9003.0302	9002.89697	0	0	
1.171848	9003.10012	9003.01915	0	0	
1.182066	9003.17101	9003.12387	0	0	
1.19221	9003.24203	9003.24604	0	0	
1.202344	9003.31354	9003.36821	0	0	
1.212416	9003.38528	9003.48166	0	0	
1.222578	9003.45821	9003.59511	0	0	
1.232756	9003.53193	9003.71728	0	0	
1.242872	9003.60581	9003.822	0	0	
1.253017	9003.6805	9003.92672	0	0	
1.263143	9003.75568	9004.03144	0	0	
1.273317	9003.83186	9004.12743	0	0	
1.291388	9003.9695	9004.28451	0	0	
1.296177	9004.00593	9004.31942	0	0	
1.306365	9004.08421	9004.39796	0	0	
1.3165	9004.16269	9004.46777	0	0	
1.326637	9004.2418	9004.53758	0	0	
1.336828	9004.32198	9004.58994	0	0	
1.34697	9004.40237	9004.65976	0	0	
1.357097	9004.48326	9004.71212	0	0	
1.36726	9004.5651	9004.75575	0	0	
1.377434	9004.6476	9004.79938	0	0	
1.387644	9004.73101	9004.84302	0	0	
1.397794	9004.81459	9004.88665	0	0	
1.407912	9004.89849	9004.92156	0	0	
1.418159	9004.98408	9004.96519	0	0	
1.428237	9005.06889	9005.0001	0	0	
1.438381	9005.15485	9005.035	0	0	
1.448527	9005.24146	9005.07864	0	0	
1.458702	9005.32899	9005.12227	0	0	
1.468876	9005.41709	9005.17463	0	0	
1.479006	9005.50536	9005.22699	0	0	
1.489142	9005.59438	9005.28808	0	0	
1.4993	9005.68417	9005.35789	0	0	
1.509647	9005.77632	9005.43643	0	0	
1.519764	9005.867	9005.52369	0	0	
1.529988	9005.95929	9005.61969	0	0	
1.540039	9006.05059	9005.72441	0	0	
1.55024	9006.14388	9005.84658	0	0	
1.560352	9006.23709	9005.96875	0	0	
1.570601	9006.33207	9006.09093	0	0	
1.580757	9006.42679	9006.23055	0	0	
1.590868	9006.5217	9006.37018	0	0	
1.601052	9006.61797	9006.50981	0	0	
1.611198	9006.71448	9006.64943	0	0	
1.62132	9006.81138	9006.79778	0	0	
1.631473	9006.90955	9006.93741	0	0	
1.641609	9007.00747	9007.07704	0	0	
1.651792	9007.10681	9007.22539	0	0	
1.661935	9007.20639	9007.35629	0	0	
1.672179	9007.30762	9007.48719	0	0	
1.682307	9007.40823	9007.62682	0	0	
1.692397	9007.50913	9007.74899	0	0	
1.702793	9007.61376	9007.86244	0	0	
1.712925	9007.71634	9007.97588	0	0	
1.722844	9007.81732	9008.08933	0	0	
1.732981	9007.92117	9008.18532	0	0	
1.743136	9008.02578	9008.28131	0	0	
1.753284	9008.13095	9008.37731	0	0	
1.763431	9008.23677	9008.45585	0	0	
1.77366	9008.34406	9008.53439	0	0	
1.783719	9008.45013	9008.6042	0	0	
1.803023	9008.65653	9008.7351	0	0	
1.807587	9008.70523	9008.77001	0	0	
1.827759	9008.92402	9008.90091	0	0	
1.832376	9008.97395	9008.92709	0	0	
1.842531	9009.08463	9008.9969	0	0	
1.852613	9009.19513	9009.06671	0	0	
1.862792	9009.30732	9009.14525	0	0	
1.87297	9009.42014	9009.22379	0	0	
1.883095	9009.53295	9009.30233	0	0	
1.893243	9009.64667	9009.39833	0	0	
1.903343	9009.76042	9009.49432	0	0	
1.921529	9009.96779	9009.69503	0	0	
1.926105	9010.01982	9009.74739	0	0	
1.93627	9010.13637	9009.86956	0	0	
1.946445	9010.25362	9010.00046	0	0	
1.956581	9010.37103	9010.14009	0	0	
1.966726	9010.48916	9010.27972	0	0	
1.976963	9010.60905	9010.41934	0	0	
1.987077	9010.72805	9010.55897	0	0	
1.99722	9010.84802	9010.71605	0	0	
2.007365	9010.96862	9010.87313	0	0	
2.017555	9011.09041	9011.03021	0	0	
2.027849	9011.21412	9011.18729	0	0	
2.037868	9011.3343	9011.35309	0	0	
2.048035	9011.45634	9011.51017	0	0	
2.058261	9011.57906	9011.67598	0	0	
2.068389	9011.70062	9011.83306	0	0	
2.078513	9011.82206	9011.99014	0	0	
2.088629	9011.94344	9012.13849	0	0	
2.098766	9012.06515	9012.28685	0	0	
2.108953	9012.18734	9012.4352	0	0	
2.119103	9012.30912	9012.57482	0	0	
2.129284	9012.43134	9012.70572	0	0	
2.139413	9012.55288	9012.83662	0	0	
2.14968	9012.67607	9012.9588	0	0	
2.159726	9012.79662	9013.07224	0	0	
2.170039	9012.92042	9013.17696	0	0	
2.180049	9013.0405	9013.28168	0	0	
2.190174	9013.162	9013.37768	0	0	
2.200275	9013.28327	9013.47367	0	0	
2.210492	9013.4058	9013.56094	0	0	
2.220602	9013.52712	9013.63948	0	0	
2.230772	9013.64914	9013.71802	0	0	
2.240992	9013.7718	9013.79656	0	0	
2.251089	9013.89299	9013.87509	0	0	
2.261221	9014.01454	9013.95363	0	0	
2.271734	9014.14075	9014.03217	0	0	
2.281492	9014.2578	9014.11071	0	0	
2.291725	9014.3806	9014.18925	0	0	
2.301814	9014.50166	9014.28525	0	0	
2.311969	9014.62357	9014.38124	0	0	
2.322268	9014.74714	9014.47723	0	0	
2.332272	9014.86714	9014.58195	0	0	
2.342443	9014.98924	9014.6954	0	0	
2.352563	9015.11066	9014.81757	0	0	
2.362715	9015.23248	9014.9572	0	0	
2.372888	9015.3546	9015.0881	0	0	
2.382997	9015.47585	9015.22773	0	0	
2.393184	9015.59813	9015.36735	0	0	
2.403324	9015.71978	9015.5157	0	0	
2.413515	9015.84209	9015.66406	0	0	
2.423684	9015.96455	9015.81241	0	0	
2.433763	9016.08505	9015.96949	0	0	
2.443928	9016.20708	9016.12657	0	0	
2.454068	9016.32871	9016.28365	0	0	
2.464224	9016.4506	9016.44073	0	0	
2.474486	9016.57375	9016.60654	0	0	
2.484557	9016.69458	9016.77234	0	0	
2.494711	9016.81642	9016.92942	0	0	
2.504909	9016.93879	9017.0865	0	0	
2.515079	9017.06086	9017.25231	0	0	
2.525197	9017.18228	9017.40066	0	0	
2.535312	9017.30362	9017.55774	0	0	
2.545502	9017.42593	9017.70609	0	0	
2.555728	9017.54864	9017.85445	0	0	
2.565811	9017.66958	9017.98535	0	0	
2.576	9017.79191	9018.11625	0	0	
2.586334	9017.91596	9018.23842	0	0	
2.5963	9018.03546	9018.34314	0	0	
2.606445	9018.15722	9018.45658	0	0	
2.616613	9018.27925	9018.55258	0	0	
2.626785	9018.4013	9018.64857	0	0	
2.636935	9018.52309	9018.73584	0	0	
2.647093	9018.64504	9018.8231	0	0	
2.657275	9018.7672	9018.90164	0	0	
2.667421	9018.88892	9018.97146	0	0	
2.67761	9019.01125	9019.04127	0	0	
2.687723	9019.13297	9019.11108	0	0	
2.697869	9019.25434	9019.1809	0	0	
2.708033	9019.37628	9019.25071	0	0	
2.718182	9019.49806	9019.32925	0	0	
2.72832	9019.61972	9019.40779	0	0	
2.738526	9019.7422	9019.48633	0	0	
2.748646	9019.86362	9019.57359	0	0	
2.758816	9019.98568	9019.66959	0	0	
2.768985	9020.10772	9019.77431	0	0	
2.779146	9020.22965	9019.88775	0	0	
2.789224	9020.35062	9020.00993	0	0	
2.799424	9020.47297	9020.14083	0	0	
2.809591	9020.59496	9020.263	0	0	
2.819836	9020.71793	9020.40263	0	0	
2.829892	9020.83856	9020.54225	0	0	
2.840019	9020.96011	9020.68188	0	0	
2.850261	9021.08304	9020.83023	0	0	
2.86034	9021.20401	9020.97859	0	0	
2.870496	9021.32586	9021.13566	0	0	
2.880696	9021.44827	9021.28402	0	0	
2.890869	9021.57038	9021.4411	0	0	
2.900949	9021.69126	9021.59818	0	0	
2.911088	9021.81295	9021.75526	0	0	
2.921247	9021.9349	9021.92106	0	0	
2.931396	9022.05664	9022.07814	0	0	
2.94153	9022.17827	9022.23522	0	0	
2.951715	9022.30048	9022.40103	0	0	
2.96184	9022.42199	9022.55811	0	0	
2.972098	9022.54513	9022.72391	0	0	
2.982212	9022.66645	9022.88099	0	0	
2.992307	9022.78759	9023.03807	0	0	
3.002476	9022.90962	9023.19515	0	0	
3.012598	9023.03107	9023.33478	0	0	
3.022741	9023.15278	9023.49186	0	0	
3.032878	9023.27444	9023.62276	0	0	
3.043043	9023.39641	9023.75366	0	0	
3.053159	9023.5178	9023.88456	0	0	
3.063656	9023.64788	9023.998	0	0	
3.073808	9023.76563	9024.11145	0	0	
3.083807	9023.88557	9024.21617	0	0	
3.093844	9024.006	9024.31216	0	0	
3.104031	9024.1283	9024.39943	0	0	
3.114461	9024.25348	9024.4867	0	0	
3.124354	9024.37213	9024.56524	0	0	
3.134514	9024.49406	9024.63505	0	0	
3.144622	9024.61535	9024.70486	0	0	
3.154812	9024.73765	9024.76595	0	0	
3.164968	9024.8595	9024.83576	0	0	
3.175612	9024.9873	9024.90558	0	0	
3.185331	9025.10386	9024.97539	0	0	
3.195445	9025.22521	9025.0452	0	0	
3.205622	9025.34735	9025.11502	0	0	
3.215776	9025.46963	9025.20228	0	0	
3.225941	9025.59118	9025.28955	0	0	
3.236086	9025.71289	9025.39427	0	0	
3.246232	9025.83466	9025.49899	0	0	
3.256397	9025.95666	9025.61243	0	0	
3.266593	9026.07899	9025.73461	0	0	
3.276715	9026.20057	9025.85678	0	0	
3.286851	9026.32208	9025.98768	0	0	
3.297044	9026.44444	9026.12731	0	0	
3.307187	9026.56615	9026.26693	0	0	
3.317358	9026.68819	9026.40656	0	0	
3.327495	9026.80984	9026.56364	0	0	
3.337674	9026.93198	9026.70326	0	0	
3.347888	9027.05453	9026.86034	0	0	
3.358012	9027.17603	9027.0087	0	0	
3.368149	9027.2977	9027.16578	0	0	
3.378411	9027.42083	9027.32286	0	0	
3.388494	9027.54182	9027.47994	0	0	
3.398629	9027.66342	9027.63702	0	0	
3.408778	9027.78522	9027.80282	0	0	
3.418942	9027.90722	9027.9599	0	0	
3.429088	9028.02893	9028.11698	0	0	
3.439233	9028.1507	9028.27406	0	0	
3.449381	9028.27246	9028.43987	0	0	
3.459578	9028.39488	9028.59695	0	0	
3.469684	9028.51613	9028.75403	0	0	
3.479908	9028.63882	9028.90238	0	0	
3.490041	9028.7604	9029.05946	0	0	
3.500169	9028.88189	9029.19909	0	0	
3.510326	9029.00382	9029.33871	0	0	
3.520455	9029.12537	9029.47834	0	0	
3.530684	9029.24814	9029.60051	0	0	
3.540779	9029.36926	9029.72268	0	0	
3.550929	9029.49104	9029.84486	0	0	
3.561069	9029.61276	9029.94958	0	0	
3.571166	9029.73388	9030.04557	0	0	
3.581349	9029.8561	9030.14156	0	0	
3.591497	9029.97792	9030.22883	0	0	
3.60163	9030.09944	9030.30737	0	0	
3.611859	9030.2222	9030.38591	0	0	
3.621912	9030.34283	9030.45572	0	0	
3.639955	9030.55943	9030.52554	0	0	
3.644503	9030.61391	9030.60408	0	0	
3.654668	9030.7359	9030.67389	0	0	
3.664823	9030.8578	9030.7437	0	0	
3.674995	9030.97987	9030.81352	0	0	
3.68515	9031.1017	9030.89206	0	0	
3.695443	9031.22525	9030.97932	0	0	
3.705473	9031.3456	9031.06659	0	0	
3.715613	9031.46723	9031.16258	0	0	
3.725758	9031.58897	9031.2673	0	0	
3.735941	9031.7112	9031.38075	0	0	
3.746078	9031.83282	9031.50292	0	0	
3.75623	9031.95466	9031.63382	0	0	
3.766375	9032.07637	9031.76472	0	0	
3.776705	9032.20038	9031.90435	0	0	
3.786738	9032.32079	9032.04397	0	0	
3.805889	9032.55062	9032.32323	0	0	
3.810513	9032.6061	9032.38431	0	0	
3.820606	9032.72723	9032.53266	0	0	
3.830773	9032.84915	9032.68974	0	0	
3.840949	9032.97128	9032.8381	0	0	
3.851066	9033.09269	9032.99518	0	0	
3.861191	9033.21422	9033.14353	0	0	
3.871419	9033.33695	9033.30934	0	0	
3.881571	9033.45877	9033.46642	0	0	
3.891732	9033.58074	9033.63222	0	0	
3.901817	9033.70169	9033.7893	0	0	
3.912115	9033.82537	9033.94638	0	0	
3.922203	9033.94634	9034.10346	0	0	
3.932304	9034.06754	9034.26054	0	0	
3.942429	9034.18907	9034.41762	0	0	
3.952579	9034.31087	9034.56597	0	0	
3.962785	9034.43334	9034.71433	0	0	
3.972868	9034.55434	9034.85395	0	0	
3.983068	9034.67674	9034.98485	0	0	
3.993218	9034.79851	9035.11575	0	0	
4.003356	9034.92018	9035.23793	0	0	
4.0136	9035.04311	9035.3601	0	0	
4.023699	9035.1643	9035.47354	0	0	
4.033842	9035.28596	9035.58699	0	0	
4.044053	9035.40852	9035.69171	0	0	
4.054207	9035.53037	9035.7877	0	0	
4.064773	9035.65722	9035.8837	0	0	
4.074912	9035.77888	9035.97096	0	0	
4.085043	9035.90042	9036.0495	0	0	
4.095162	9036.02182	9036.13677	0	0	
4.105347	9036.1441	9036.21531	0	0	
4.115531	9036.26632	9036.29385	0	0	
4.125667	9036.3879	9036.37239	0	0	
4.135844	9036.51001	9036.45093	0	0	
4.145953	9036.63131	9036.52947	0	0	
4.156153	9036.75374	9036.60801	0	0	
4.166278	9036.87523	9036.69527	0	0	
4.176535	9036.99838	9036.77381	0	0	
4.186689	9037.12014	9036.87853	0	0	
4.196773	9037.24118	9036.97453	0	0	
4.206931	9037.36303	9037.07925	0	0	
4.217124	9037.48542	9037.19269	0	0	
4.227271	9037.60718	9037.31487	0	0	
4.237402	9037.72872	9037.43704	0	0	
4.24755	9037.85047	9037.57667	0	0	
4.257761	9037.97303	9037.71629	0	0	
4.267975	9038.09558	9037.85592	0	0	
4.278096	9038.21708	9037.99555	0	0	
4.288227	9038.33863	9038.15262	0	0	
4.298473	9038.46156	9038.30098	0	0	
4.308561	9038.58262	9038.44933	0	0	
4.318717	9038.70451	9038.60641	0	0	
4.328864	9038.82628	9038.76349	0	0	
4.339038	9038.94838	9038.91184	0	0	
4.349179	9039.07003	9039.06892	0	0	
4.359385	9039.19249	9039.226	0	0	
4.369498	9039.3181	9039.38308	0	0	
4.379742	9039.43685	9039.54016	0	0	
4.389852	9039.55811	9039.68851	0	0	
4.400017	9039.68011	9039.84559	0	0	
4.410148	9039.80165	9039.98522	0	0	
4.42029	9039.92338	9040.13357	0	0	
4.430437	9040.04515	9040.2732	0	0	
4.440565	9040.16671	9040.4041	0	0	
4.450752	9040.28891	9040.54373	0	0	
4.460927	9040.41106	9040.6659	0	0	
4.471024	9040.53217	9040.78807	0	0	
4.481276	9040.65524	9040.90152	0	0	
4.491324	9040.7758	9041.00624	0	0	
4.501475	9040.89757	9041.11096	0	0	
4.511614	9041.01925	9041.20695	0	0	
4.521776	9041.14118	9041.30294	0	0	
4.532045	9041.26445	9041.39894	0	0	
4.542118	9041.38532	9041.4862	0	0	
4.55222	9041.50656	9041.57347	0	0	
4.562485	9041.62972	9041.66074	0	0	
4.572496	9041.74982	9041.748	0	0	
4.582953	9041.87539	9041.83527	0	0	
4.593124	9041.99741	9041.92254	0	0	
4.603225	9042.11858	9042.0098	0	0	
4.613373	9042.24035	9042.1058	0	0	
4.623596	9042.36306	9042.20179	0	0	
4.63368	9042.48406	9042.30651	0	0	
4.643876	9042.6064	9042.41995	0	0	
4.653991	9042.72776	9042.5334	0	0	
4.664144	9042.84962	9042.64685	0	0	
4.674353	9042.97212	9042.76902	0	0	
4.68449	9043.09378	9042.89992	0	0	
4.694629	9043.21543	9043.02209	0	0	
4.70479	9043.33735	9043.16172	0	0	
4.714974	9043.4596	9043.30135	0	0	
4.725106	9043.58114	9043.44097	0	0	
4.735285	9043.7033	9043.58933	0	0	
4.745449	9043.82532	9043.73768	0	0	
4.755605	9043.94717	9043.88603	0	0	
4.765753	9044.0689	9044.03438	0	0	
4.775939	9044.19116	9044.19146	0	0	
4.786051	9044.31252	9044.33982	0	0	
4.796214	9044.43449	9044.48817	0	0	
4.806366	9044.55628	9044.6278	0	0	
4.816569	9044.67876	9044.77615	0	0	
4.826759	9044.80099	9044.9245	0	0	
4.836839	9044.92196	9045.06413	0	0	
4.847012	9045.04408	9045.19503	0	0	
4.857215	9045.16651	9045.32593	0	0	
4.867289	9045.28738	9045.4481	0	0	
4.877481	9045.40969	9045.57027	0	0	
4.887632	9045.53148	9045.70117	0	0	
4.897803	9045.65353	9045.81462	0	0	
4.908022	9045.77615	9045.92807	0	0	
4.918099	9045.89711	9046.03279	0	0	
4.928256	9046.01896	9046.13751	0	0	
4.938493	9046.14182	9046.24223	0	0	
4.948572	9046.26274	9046.33822	0	0	
4.95871	9046.3844	9046.44294	0	0	
4.968851	9046.50611	9046.53893	0	0	
4.979035	9046.6283	9046.63493	0	0	
4.989205	9046.75037	9046.72219	0	0	
4.999344	9046.87204	9046.82691	0	0	
5.0095	9046.9945	9046.9229	0	0	
5.01966	9047.1158	9047.0189	0	0	
5.029814	9047.23763	9047.12362	0	0	
5.039936	9047.35913	9047.22834	0	0	
5.050107	9047.48114	9047.34178	0	0	
5.060275	9047.60321	9047.45523	0	0	
5.072505	9047.75008	9047.56868	0	0	
5.0805	9047.84594	9047.69085	0	0	
5.090805	9047.96957	9047.81302	0	0	
5.101221	9048.09456	9047.94392	0	0	
5.111028	9048.21221	9048.07482	0	0	
5.121188	9048.33414	9048.20572	0	0	
5.131305	9048.45556	9048.34535	0	0	
5.141432	9048.57708	9048.48497	0	0	
5.151589	9048.69898	9048.63333	0	0	
5.16177	9048.82118	9048.78168	0	0	
5.171935	9048.9431	9048.93003	0	0	
