0.5453056	2226.62198	2226.62125	0	0	
0.5552794	2226.62342	2226.62125	0	0	
0.5657902	2226.62562	2226.62125	0	0	
0.575953	2226.62835	2226.62997	0	0	
0.5860988	2226.63169	2226.62997	0	0	
0.5962656	2226.63566	2226.62997	0	0	
0.6064195	2226.64024	2226.6387	0	0	
0.6166043	2226.64546	2226.6387	0	0	
0.6267401	2226.65127	2226.6387	0	0	
0.6369029	2226.65772	2226.6387	0	0	
0.6470557	2226.66479	2226.64743	0	0	
0.6572575	2226.6725	2226.65615	0	0	
0.6673803	2226.68077	2226.65615	0	0	
0.6775461	2226.6897	2226.65615	0	0	
0.6876689	2226.6992	2226.67361	0	0	
0.6980197	2226.70957	2226.67361	0	0	
0.7083035	2226.72051	2226.68233	0	0	
0.7183363	2226.73176	2226.69106	0	0	
0.7284811	2226.74377	2226.70851	0	0	
0.7386259	2226.7564	2226.71724	0	0	
0.7488037	2226.7697	2226.72597	0	0	
0.7589966	2226.78363	2226.73469	0	0	
0.7691794	2226.79817	2226.74342	0	0	
0.7792642	2226.81317	2226.75215	0	0	
0.789412	2226.8289	2226.76087	0	0	
0.7995628	2226.84525	2226.7696	0	0	
0.8097536	2226.86228	2226.77833	0	0	
0.8199144	2226.87988	2226.79578	0	0	
0.8300472	2226.89805	2226.80451	0	0	
0.840257	2226.91699	2226.82196	0	0	
0.8503998	2226.93642	2226.83069	0	0	
0.8605956	2226.95658	2226.85687	0	0	
0.8706864	2226.97713	2226.87432	0	0	
0.8808612	2226.99847	2226.9005	0	0	
0.890963	2227.02028	2226.91795	0	0	
0.9014018	2227.04348	2226.94413	0	0	
0.9112497	2227.06592	2226.97031	0	0	
0.9213665	2227.0896	2227.00522	0	0	
0.9314843	2227.11391	2227.04013	0	0	
0.9416611	2227.13897	2227.07503	0	0	
0.9518339	2227.16466	2227.10994	0	0	
0.9620007	2227.19093	2227.14485	0	0	
0.9721825	2227.21787	2227.18848	0	0	
0.9823043	2227.24527	2227.23211	0	0	
0.9924201	2227.27326	2227.26702	0	0	
1.002537	2227.30186	2227.31065	0	0	
1.012696	2227.33121	2227.34556	0	0	
1.022879	2227.36126	2227.38919	0	0	
1.032993	2227.39172	2227.4241	0	0	
1.043127	2227.42283	2227.459	0	0	
1.053314	2227.45475	2227.50264	0	0	
1.063468	2227.48719	2227.53754	0	0	
1.081589	2227.54746	2227.59863	0	0	
1.08614	2227.56253	2227.61608	0	0	
1.096331	2227.59709	2227.65099	0	0	
1.106454	2227.63203	2227.67717	0	0	
1.116605	2227.6677	2227.70335	0	0	
1.126793	2227.7041	2227.73826	0	0	
1.136945	2227.741	2227.77316	0	0	
1.147078	2227.77844	2227.79062	0	0	
1.157294	2227.81683	2227.82552	0	0	
1.167439	2227.85555	2227.8517	0	0	
1.177664	2227.89521	2227.87788	0	0	
1.187713	2227.93479	2227.90406	0	0	
1.197885	2227.97549	2227.93024	0	0	
1.208101	2228.01698	2227.96515	0	0	
1.21826	2228.05888	2228.00006	0	0	
1.22837	2228.10116	2228.03496	0	0	
1.238514	2228.14421	2228.06987	0	0	
1.248943	2228.18914	2228.1135	0	0	
1.258864	2228.23243	2228.15714	0	0	
1.269	2228.27731	2228.19204	0	0	
1.287278	2228.36068	2228.28804	0	0	
1.291838	2228.3814	2228.30549	0	0	
1.301986	2228.42833	2228.35785	0	0	
1.320282	2228.51545	2228.41894	0	0	
1.324844	2228.53705	2228.48875	0	0	
1.335024	2228.58617	2228.54984	0	0	
1.345114	2228.63543	2228.61092	0	0	
1.355342	2228.68603	2228.68074	0	0	
1.365444	2228.73657	2228.74182	0	0	
1.375642	2228.78826	2228.81163	0	0	
1.385835	2228.84052	2228.88145	0	0	
1.395952	2228.89301	2228.94253	0	0	
1.406113	2228.94634	2229.01235	0	0	
1.416332	2229.00063	2229.07343	0	0	
1.426435	2229.05488	2229.13452	0	0	
1.436559	2229.10988	2229.20433	0	0	
1.446768	2229.166	2229.25669	0	0	
1.45688	2229.22216	2229.32651	0	0	
1.477189	2229.33806	2229.43995	0	0	
1.481828	2229.36441	2229.45741	0	0	
1.491966	2229.42285	2229.51849	0	0	
1.502172	2229.48234	2229.56213	0	0	
1.512396	2229.54254	2229.61449	0	0	
1.522446	2229.60228	2229.66685	0	0	
1.532527	2229.66286	2229.71921	0	0	
1.542747	2229.72487	2229.76284	0	0	
1.553137	2229.78862	2229.8152	0	0	
1.563034	2229.84989	2229.86756	0	0	
1.57316	2229.91319	2229.91992	0	0	
1.583313	2229.97726	2229.97228	0	0	
1.593513	2230.04227	2230.02464	0	0	
1.603678	2230.10772	2230.077	0	0	
1.613817	2230.17356	2230.12936	0	0	
1.623977	2230.24016	2230.18172	0	0	
1.634136	2230.30738	2230.25153	0	0	
1.644259	2230.37498	2230.30389	0	0	
1.654871	2230.44659	2230.3737	0	0	
1.664971	2230.5153	2230.44352	0	0	
1.675083	2230.58467	2230.51333	0	0	
1.685222	2230.65488	2230.58314	0	0	
1.695419	2230.72614	2230.66168	0	0	
1.705607	2230.7979	2230.74022	0	0	
1.715739	2230.86993	2230.82749	0	0	
1.725883	2230.94263	2230.90603	0	0	
1.73611	2231.01656	2230.9933	0	0	
1.746212	2231.0902	2231.08056	0	0	
1.756407	2231.16519	2231.17656	0	0	
1.76654	2231.24026	2231.26382	0	0	
1.776709	2231.31626	2231.35109	0	0	
1.786867	2231.39278	2231.44708	0	0	
1.797008	2231.46981	2231.54308	0	0	
1.807396	2231.54936	2231.63034	0	0	
1.817584	2231.62801	2231.71761	0	0	
1.827687	2231.7066	2231.80487	0	0	
1.837846	2231.78625	2231.89214	0	0	
1.848017	2231.8666	2231.97941	0	0	
1.858205	2231.94774	2232.05795	0	0	
1.868287	2232.0286	2232.13649	0	0	
1.878486	2232.11106	2232.2063	0	0	
1.888659	2232.1939	2232.27611	0	0	
1.898794	2232.27706	2232.34593	0	0	
1.909005	2232.3615	2232.41574	0	0	
1.919155	2232.44601	2232.48555	0	0	
1.92926	2232.53077	2232.55537	0	0	
1.939396	2232.61642	2232.61645	0	0	
1.949534	2232.70269	2232.68627	0	0	
1.95979	2232.79063	2232.74735	0	0	
1.969943	2232.87825	2232.81717	0	0	
1.980085	2232.96646	2232.89571	0	0	
1.990212	2233.05508	2232.96552	0	0	
2.000376	2233.1447	2233.04406	0	0	
2.010754	2233.23683	2233.13132	0	0	
2.020896	2233.32744	2233.20986	0	0	
2.03106	2233.41893	2233.29713	0	0	
2.041173	2233.51055	2233.3844	0	0	
2.051527	2233.60503	2233.48039	0	0	
2.061855	2233.69991	2233.57638	0	0	
2.072008	2233.79371	2233.67238	0	0	
2.082203	2233.88862	2233.7771	0	0	
2.092312	2233.9833	2233.88182	0	0	
2.10282	2234.08241	2233.98654	0	0	
2.112654	2234.17572	2234.09126	0	0	
2.122746	2234.27208	2234.21343	0	0	
2.132881	2234.36947	2234.31815	0	0	
2.143056	2234.46787	2234.44032	0	0	
2.153195	2234.56662	2234.54504	0	0	
2.163347	2234.66599	2234.66721	0	0	
2.173485	2234.76586	2234.78066	0	0	
2.18367	2234.86686	2234.89411	0	0	
2.193901	2234.9689	2235.00755	0	0	
2.204052	2235.07081	2235.121	0	0	
2.214394	2235.17526	2235.23445	0	0	
2.224614	2235.27911	2235.34789	0	0	
2.234695	2235.38213	2235.45261	0	0	
2.244873	2235.4868	2235.55733	0	0	
2.255084	2235.59246	2235.67078	0	0	
2.265204	2235.69769	2235.7755	0	0	
2.275349	2235.80385	2235.88022	0	0	
2.285523	2235.91095	2235.98494	0	0	
2.295693	2236.01862	2236.08966	0	0	
2.305902	2236.12735	2236.19438	0	0	
2.316412	2236.24309	2236.29037	0	0	
2.326208	2236.34544	2236.39509	0	0	
2.336386	2236.45568	2236.49981	0	0	
2.346455	2236.56532	2236.60453	0	0	
2.356687	2236.67747	2236.70052	0	0	
2.366843	2236.78741	2236.80524	0	0	
2.376983	2236.89659	2236.90124	0	0	
2.387132	2237.00532	2237.00596	0	0	
2.397263	2237.11322	2237.11068	0	0	
2.407435	2237.2209	2237.2154	0	0	
2.417634	2237.32826	2237.32011	0	0	
2.427773	2237.43441	2237.43356	0	0	
2.437866	2237.53937	2237.53828	0	0	
2.44805	2237.64473	2237.65173	0	0	
2.458234	2237.74948	2237.75645	0	0	
2.468357	2237.85294	2237.87862	0	0	
2.478501	2237.95601	2237.98334	0	0	
2.488699	2238.05901	2238.09679	0	0	
2.498823	2238.16066	2238.20151	0	0	
2.508976	2238.26199	2238.31495	0	0	
2.519132	2238.36273	2238.41967	0	0	
2.529284	2238.46453	2238.52439	0	0	
2.539457	2238.56244	2238.62039	0	0	
2.549582	2238.66103	2238.71638	0	0	
2.559849	2238.76038	2238.81237	0	0	
2.569957	2238.85755	2238.90836	0	0	
2.580122	2238.95462	2239.00436	0	0	
2.590241	2239.05067	2239.10035	0	0	
2.600423	2239.14679	2239.18762	0	0	
2.610558	2239.2417	2239.27488	0	0	
2.62075	2239.3366	2239.36215	0	0	
2.630895	2239.4304	2239.44942	0	0	
2.64103	2239.52354	2239.53668	0	0	
2.651174	2239.61614	2239.62395	0	0	
2.661337	2239.70827	2239.71122	0	0	
2.671491	2239.7997	2239.78976	0	0	
2.681679	2239.89088	2239.8683	0	0	
2.691782	2239.98058	2239.95556	0	0	
2.701971	2240.07051	2240.04283	0	0	
2.712324	2240.16123	2240.12137	0	0	
2.722296	2240.24803	2240.19991	0	0	
2.732768	2240.33844	2240.28717	0	0	
2.74259	2240.42272	2240.37444	0	0	
2.75273	2240.5091	2240.46171	0	0	
2.762904	2240.59519	2240.54897	0	0	
2.773037	2240.68026	2240.63624	0	0	
2.783208	2240.76507	2240.71478	0	0	
2.793318	2240.84876	2240.80205	0	0	
2.803475	2240.9322	2240.88931	0	0	
2.813688	2241.01576	2240.97658	0	0	
2.823835	2241.09763	2241.06385	0	0	
2.833994	2241.17924	2241.15111	0	0	
2.844192	2241.26057	2241.23838	0	0	
2.854327	2241.34075	2241.32565	0	0	
2.864567	2241.42118	2241.42164	0	0	
2.87466	2241.49978	2241.50891	0	0	
2.884809	2241.57825	2241.59617	0	0	
2.89504	2241.6567	2241.68344	0	0	
2.905163	2241.73371	2241.7707	0	0	
2.915312	2241.81034	2241.84924	0	0	
2.925434	2241.88611	2241.93651	0	0	
2.93557	2241.96143	2242.01505	0	0	
2.945834	2242.03704	2242.09359	0	0	
2.956175	2242.11258	2242.17213	0	0	
2.966106	2242.1845	2242.25067	0	0	
2.976286	2242.25764	2242.32921	0	0	
2.9864	2242.32969	2242.39902	0	0	
2.996553	2242.40141	2242.46884	0	0	
3.006718	2242.4726	2242.53865	0	0	
3.016891	2242.54321	2242.60846	0	0	
3.027027	2242.61296	2242.66955	0	0	
3.037181	2242.68223	2242.73064	0	0	
3.047351	2242.751	2242.80045	0	0	
3.057892	2242.82161	2242.85281	0	0	
3.067669	2242.88651	2242.9139	0	0	
3.077827	2242.95335	2242.97498	0	0	
3.08799	2243.0196	2243.03607	0	0	
3.098143	2243.08517	2243.09715	0	0	
3.108285	2243.15004	2243.14951	0	0	
3.118446	2243.21444	2243.2106	0	0	
3.128644	2243.27846	2243.27169	0	0	
3.138745	2243.34126	2243.33277	0	0	
3.148913	2243.40386	2243.39386	0	0	
3.167317	2243.51472	2243.45495	0	0	
3.171906	2243.54239	2243.53349	0	0	
3.182019	2243.60266	2243.59457	0	0	
3.192295	2243.66328	2243.65566	0	0	
3.202338	2243.7219	2243.72547	0	0	
3.212708	2243.78182	2243.78656	0	0	
3.222619	2243.83851	2243.84765	0	0	
3.232784	2243.89601	2243.91746	0	0	
3.242908	2243.95267	2243.97855	0	0	
3.253048	2244.00883	2244.03963	0	0	
3.263304	2244.06502	2244.10072	0	0	
3.273392	2244.11964	2244.16181	0	0	
3.283535	2244.17398	2244.22289	0	0	
3.301555	2244.26817	2244.31889	0	0	
3.306196	2244.29248	2244.35379	0	0	
3.316334	2244.34482	2244.40615	0	0	
3.326515	2244.39678	2244.45851	0	0	
3.336634	2244.44779	2244.50214	0	0	
3.346762	2244.49826	2244.54578	0	0	
3.356914	2244.54822	2244.58941	0	0	
3.367213	2244.5983	2244.63304	0	0	
3.377282	2244.64663	2244.66795	0	0	
3.387424	2244.69472	2244.70286	0	0	
3.397565	2244.74221	2244.74649	0	0	
3.407749	2244.78929	2244.7814	0	0	
3.417972	2244.8359	2244.8163	0	0	
3.428085	2244.88143	2244.85121	0	0	
3.438198	2244.92635	2244.88612	0	0	
3.448834	2244.97293	2244.92102	0	0	
3.458886	2245.01637	2244.95593	0	0	
3.469055	2245.05969	2244.99084	0	0	
3.479214	2245.10234	2245.02574	0	0	
3.489338	2245.14425	2245.06938	0	0	
3.499493	2245.1857	2245.10428	0	0	
3.509638	2245.2267	2245.14792	0	0	
3.519825	2245.26685	2245.18282	0	0	
3.530021	2245.30663	2245.22646	0	0	
3.540123	2245.34544	2245.27009	0	0	
3.550264	2245.3838	2245.31372	0	0	
3.56049	2245.42188	2245.36608	0	0	
3.570593	2245.45888	2245.40099	0	0	
3.580736	2245.49543	2245.45335	0	0	
3.590892	2245.53142	2245.50571	0	0	
3.601038	2245.56678	2245.54934	0	0	
3.611181	2245.60152	2245.59298	0	0	
3.621329	2245.63567	2245.64534	0	0	
3.631469	2245.66919	2245.68897	0	0	
3.641595	2245.70208	2245.7326	0	0	
3.651746	2245.73445	2245.77624	0	0	
3.66199	2245.76651	2245.81114	0	0	
3.672068	2245.79743	2245.85477	0	0	
3.682273	2245.82815	2245.88968	0	0	
3.692372	2245.85795	2245.91586	0	0	
3.702505	2245.88726	2245.95077	0	0	
3.712888	2245.91667	2245.97695	0	0	
3.722813	2245.94419	2245.9944	0	0	
3.732937	2245.97169	2246.02058	0	0	
3.743125	2245.99875	2246.04676	0	0	
3.753235	2246.02502	2246.06421	0	0	
3.763717	2246.05161	2246.08167	0	0	
3.773791	2246.07666	2246.09039	0	0	
3.783972	2246.10122	2246.10785	0	0	
3.794139	2246.12523	2246.11657	0	0	
3.804288	2246.1486	2246.1253	0	0	
3.814448	2246.17141	2246.13403	0	0	
3.82467	2246.19376	2246.13403	0	0	
3.834763	2246.21524	2246.15148	0	0	
3.84493	2246.23629	2246.15148	0	0	
3.855105	2246.25675	2246.16893	0	0	
3.865282	2246.27664	2246.16893	0	0	
3.875408	2246.29583	2246.18639	0	0	
3.885567	2246.31451	2246.20384	0	0	
3.895821	2246.33277	2246.21257	0	0	
3.906028	2246.35033	2246.23875	0	0	
3.91614	2246.36717	2246.2562	0	0	
3.926269	2246.38346	2246.27365	0	0	
3.936499	2246.39932	2246.29983	0	0	
3.946614	2246.41443	2246.32601	0	0	
3.956749	2246.42899	2246.36092	0	0	
3.966945	2246.44307	2246.3871	0	0	
3.977083	2246.45648	2246.41328	0	0	
3.987218	2246.46933	2246.44819	0	0	
3.997377	2246.48164	2246.48309	0	0	
4.007533	2246.49337	2246.50927	0	0	
4.01771	2246.50457	2246.53545	0	0	
4.027836	2246.51515	2246.57036	0	0	
4.038013	2246.52523	2246.58781	0	0	
4.048168	2246.53473	2246.61399	0	0	
4.058305	2246.54366	2246.64017	0	0	
4.068495	2246.55209	2246.6489	0	0	
4.078613	2246.55992	2246.66635	0	0	
4.088783	2246.56726	2246.67508	0	0	
4.099008	2246.57409	2246.67508	0	0	
4.109073	2246.58031	2246.67508	0	0	
4.119269	2246.58608	2246.67508	0	0	
4.12937	2246.59129	2246.67508	0	0	
4.139527	2246.59603	2246.66635	0	0	
4.14971	2246.6003	2246.66635	0	0	
4.159838	2246.60406	2246.65763	0	0	
4.170106	2246.6074	2246.65763	0	0	
4.180183	2246.61025	2246.6489	0	0	
4.190284	2246.61268	2246.64017	0	0	
4.200552	2246.61474	2246.64017	0	0	
4.210631	2246.61639	2246.64017	0	0	
4.220847	2246.62125	2246.64017	0	0	
4.230919	2246.62125	2246.64017	0	0	
4.241089	2246.62125	2246.6489	0	0	
4.251218	2246.62125	2246.6489	0	0	
