0.03395634	2886.10263	2886.10263	0	0	
0.03860925	2886.10282	2886.10263	0	0	
0.04870005	2886.10402	2886.10263	0	0	
0.05890385	2886.10586	2886.10263	0	0	
0.06909965	2886.10832	2886.10263	0	0	
0.08050543	2886.1119	2886.10263	0	0	
0.08940026	2886.11509	2886.10263	0	0	
0.09959106	2886.11942	2886.10263	0	0	
0.1097309	2886.12434	2886.10263	0	0	
0.1198717	2886.12987	2886.10263	0	0	
0.1303005	2886.13623	2886.10263	0	0	
0.1402093	2886.14284	2886.10263	0	0	
0.1503801	2886.15025	2886.10263	0	0	
0.1605299	2886.15827	2886.10263	0	0	
0.1706887	2886.16691	2886.10263	0	0	
0.1808535	2886.17618	2886.10263	0	0	
0.1910383	2886.18609	2886.10263	0	0	
0.2011901	2886.19659	2886.10263	0	0	
0.2113309	2886.20768	2886.11136	0	0	
0.2215227	2886.21946	2886.11136	0	0	
0.2319755	2886.23222	2886.11136	0	0	
0.2417803	2886.24473	2886.12881	0	0	
0.2519931	2886.2584	2886.13754	0	0	
0.2621209	2886.27257	2886.15499	0	0	
0.2722707	2886.28739	2886.18117	0	0	
0.2823815	2886.30277	2886.19862	0	0	
0.2926173	2886.31897	2886.23353	0	0	
0.3027651	2886.33564	2886.25971	0	0	
0.3128989	2886.35291	2886.29462	0	0	
0.3230557	2886.37085	2886.32952	0	0	
0.3336625	2886.39025	2886.36443	0	0	
0.3433503	2886.40862	2886.40806	0	0	
0.3535171	2886.42832	2886.44297	0	0	
0.3636959	2886.44876	2886.4866	0	0	
0.3738207	2886.46972	2886.53024	0	0	
0.3839035	2886.49119	2886.57387	0	0	
0.3940793	2886.5135	2886.6175	0	0	
0.4042171	2886.53633	2886.65241	0	0	
0.4144289	2886.55994	2886.68732	0	0	
0.4245807	2886.58405	2886.72222	0	0	
0.4347145	2886.60874	2886.7484	0	0	
0.4448643	2886.63405	2886.77458	0	0	
0.4549931	2886.65994	2886.80076	0	0	
0.4651399	2886.6865	2886.82694	0	0	
0.4752727	2886.71364	2886.8444	0	0	
0.4854755	2886.7416	2886.86185	0	0	
0.4955674	2886.76985	2886.87058	0	0	
0.5057442	2886.79897	2886.8793	0	0	
0.515996	2886.82893	2886.88803	0	0	
0.5260748	2886.85899	2886.89676	0	0	
0.5362726	2886.89006	2886.89676	0	0	
0.5463374	2886.92129	2886.89676	0	0	
0.5565082	2886.95348	2886.90548	0	0	
0.566726	2886.98647	2886.90548	0	0	
0.5768218	2887.01965	2886.90548	0	0	
0.5869686	2887.05364	2886.91421	0	0	
0.5971784	2887.08844	2886.91421	0	0	
0.6073472	2887.12375	2886.93166	0	0	
0.617485	2887.15955	2886.94912	0	0	
0.6275668	2887.19575	2886.9753	0	0	
0.6377606	2887.233	2887.0102	0	0	
0.6479034	2887.27067	2887.04511	0	0	
0.6580622	2887.30902	2887.09747	0	0	
0.668246	2887.34808	2887.14983	0	0	
0.6783918	2887.38762	2887.21092	0	0	
0.6885576	2887.42785	2887.28073	0	0	
0.6987124	2887.46867	2887.35054	0	0	
0.7090672	2887.51095	2887.42035	0	0	
0.719039	2887.55221	2887.50762	0	0	
0.7291748	2887.59481	2887.57743	0	0	
0.7394046	2887.63843	2887.6647	0	0	
0.7495224	2887.68217	2887.75197	0	0	
0.7597242	2887.7269	2887.83051	0	0	
0.769864	2887.77199	2887.90905	0	0	
0.7800538	2887.8179	2887.99631	0	0	
0.7902076	2887.86428	2888.06613	0	0	
0.8003154	2887.91107	2888.13594	0	0	
0.8105062	2887.95903	2888.20575	0	0	
0.820714	2888.00738	2888.26684	0	0	
0.8308568	2888.05618	2888.3192	0	0	
0.8410296	2888.10575	2888.37156	0	0	
0.8511664	2888.15576	2888.41519	0	0	
0.8613872	2888.20681	2888.4501	0	0	
0.87148	2888.25783	2888.47628	0	0	
0.8816318	2888.30978	2888.50246	0	0	
0.8917916	2888.36237	2888.51991	0	0	
0.9019414	2888.41554	2888.52864	0	0	
0.9120812	2888.46927	2888.53737	0	0	
0.92226	2888.52385	2888.55482	0	0	
0.9324598	2888.57912	2888.56355	0	0	
0.9426996	2888.63529	2888.57227	0	0	
0.9527514	2888.69101	2888.57227	0	0	
0.9629022	2888.74789	2888.58973	0	0	
0.973144	2888.80593	2888.58973	0	0	
0.9832129	2888.86356	2888.61591	0	0	
0.9933487	2888.92252	2888.64209	0	0	
1.003516	2888.98168	2888.67699	0	0	
1.013667	2889.04164	2888.7119	0	0	
1.024794	2889.10822	2888.76426	0	0	
1.033996	2889.16367	2888.83407	0	0	
1.044066	2889.22497	2888.91261	0	0	
1.054223	2889.28747	2888.99988	0	0	
1.064377	2889.35054	2889.09587	0	0	
1.074623	2889.41484	2889.20059	0	0	
1.093777	2889.53777	2889.42748	0	0	
1.098337	2889.56692	2889.47984	0	0	
1.108501	2889.63275	2889.60202	0	0	
1.118839	2889.70037	2889.72419	0	0	
1.137221	2889.82308	2889.95108	0	0	
1.141768	2889.85334	2890.0209	0	0	
1.151951	2889.92196	2890.14307	0	0	
1.16208	2889.99083	2890.25651	0	0	
1.172249	2890.06061	2890.36996	0	0	
1.182418	2890.13098	2890.48341	0	0	
1.192573	2890.20187	2890.5794	0	0	
1.202751	2890.27356	2890.67539	0	0	
1.212886	2890.34556	2890.76266	0	0	
1.223041	2890.41833	2890.83247	0	0	
1.233287	2890.4924	2890.89356	0	0	
1.243457	2890.56652	2890.94592	0	0	
1.253621	2890.64117	2890.98083	0	0	
1.263724	2890.71602	2891.01573	0	0	
1.273872	2890.79182	2891.03319	0	0	
1.284032	2890.86833	2891.05064	0	0	
1.294178	2890.94538	2891.05937	0	0	
1.304275	2891.02266	2891.05937	0	0	
1.314466	2891.10125	2891.06809	0	0	
1.324633	2891.18033	2891.06809	0	0	
1.334857	2891.26042	2891.08555	0	0	
1.344981	2891.34034	2891.09427	0	0	
1.355113	2891.42096	2891.11173	0	0	
1.365344	2891.50302	2891.13791	0	0	
1.375387	2891.58413	2891.17281	0	0	
1.385517	2891.66659	2891.22517	0	0	
1.395658	2891.74975	2891.29499	0	0	
1.406	2891.83523	2891.3648	0	0	
1.416053	2891.91889	2891.46079	0	0	
1.426141	2892.00346	2891.56551	0	0	
1.436319	2892.08947	2891.67896	0	0	
1.446485	2892.17588	2891.80113	0	0	
1.456609	2892.26257	2891.93203	0	0	
1.46679	2892.35044	2892.07166	0	0	
1.476911	2892.43837	2892.21128	0	0	
1.487072	2892.52728	2892.35964	0	0	
1.497193	2892.61643	2892.49926	0	0	
1.50741	2892.70706	2892.65634	0	0	
1.517527	2892.79742	2892.8047	0	0	
1.527673	2892.88864	2892.95305	0	0	
1.537871	2892.98104	2893.11013	0	0	
1.548034	2893.07367	2893.26721	0	0	
1.55818	2893.16672	2893.41556	0	0	
1.568328	2893.26049	2893.56391	0	0	
1.578483	2893.35486	2893.70354	0	0	
1.588667	2893.45018	2893.82571	0	0	
1.598848	2893.54611	2893.94789	0	0	
1.608979	2893.64213	2894.07006	0	0	
1.619129	2893.73899	2894.16605	0	0	
1.629377	2893.83738	2894.26205	0	0	
1.639473	2893.93501	2894.34059	0	0	
1.649608	2894.03354	2894.41912	0	0	
1.659794	2894.13318	2894.48021	0	0	
1.670359	2894.23734	2894.53257	0	0	
1.680097	2894.33375	2894.5762	0	0	
1.690248	2894.43491	2894.61111	0	0	
1.700409	2894.53682	2894.64602	0	0	
1.710631	2894.63994	2894.6722	0	0	
1.720719	2894.74238	2894.69838	0	0	
1.730888	2894.84622	2894.73328	0	0	
1.741325	2894.95348	2894.75946	0	0	
1.751357	2895.05714	2894.79437	0	0	
1.761523	2895.16281	2894.838	0	0	
1.771678	2895.26902	2894.89036	0	0	
1.781859	2895.37612	2894.95145	0	0	
1.79199	2895.48326	2895.02999	0	0	
1.802108	2895.5909	2895.11726	0	0	
1.812306	2895.70002	2895.22198	0	0	
1.822456	2895.80926	2895.3267	0	0	
1.832645	2895.91956	2895.44887	0	0	
1.842824	2896.03035	2895.57977	0	0	
1.852945	2896.14107	2895.71067	0	0	
1.863107	2896.25106	2895.85029	0	0	
1.873244	2896.36018	2895.98992	0	0	
1.883442	2896.46929	2896.13827	0	0	
1.893646	2896.57961	2896.28663	0	0	
1.90373	2896.68454	2896.44371	0	0	
1.914138	2896.7968	2896.60079	0	0	
1.933315	2896.99306	2896.89749	0	0	
1.937968	2897.04141	2896.96731	0	0	
1.948152	2897.14643	2897.13311	0	0	
1.958267	2897.25013	2897.29892	0	0	
1.968633	2897.3558	2897.47345	0	0	
1.978772	2897.4588	2897.63926	0	0	
1.988951	2897.561	2897.80506	0	0	
1.999097	2897.66258	2897.9796	0	0	
2.009213	2897.76319	2898.13668	0	0	
2.01948	2897.86477	2898.30248	0	0	
2.029609	2897.96432	2898.45084	0	0	
2.039782	2898.06373	2898.59919	0	0	
2.049824	2898.16115	2898.73009	0	0	
2.060049	2898.25976	2898.85226	0	0	
2.070179	2898.35686	2898.96571	0	0	
2.080301	2898.45329	2899.0617	0	0	
2.090493	2898.54978	2899.13151	0	0	
2.100658	2898.64538	2899.20133	0	0	
2.110886	2898.74089	2899.23623	0	0	
2.121006	2898.83483	2899.27114	0	0	
2.131182	2898.9287	2899.28859	0	0	
2.141746	2899.02546	2899.28859	0	0	
2.151506	2899.11427	2899.28859	0	0	
2.16164	2899.20585	2899.27114	0	0	
2.171866	2899.2977	2899.27114	0	0	
2.18199	2899.38797	2899.26241	0	0	
2.192129	2899.4778	2899.26241	0	0	
2.202286	2899.56717	2899.27114	0	0	
2.212457	2899.656	2899.27987	0	0	
2.22265	2899.74446	2899.30605	0	0	
2.232783	2899.83176	2899.34095	0	0	
2.251172	2899.98778	2899.4544	0	0	
2.255762	2900.02672	2899.48931	0	0	
2.265971	2900.11267	2899.57657	0	0	
2.276118	2900.19747	2899.67257	0	0	
2.286271	2900.2817	2899.77729	0	0	
2.29632	2900.36447	2899.89946	0	0	
2.30678	2900.45002	2900.01291	0	0	
2.316654	2900.53012	2900.1438	0	0	
2.327044	2900.61383	2900.28343	0	0	
2.336982	2900.69329	2900.42306	0	0	
2.347184	2900.77426	2900.56268	0	0	
2.357444	2900.85502	2900.70231	0	0	
2.367499	2900.93355	2900.85066	0	0	
2.377593	2901.0118	2900.99902	0	0	
2.38775	2901.08997	2901.1561	0	0	
2.397898	2901.16743	2901.31318	0	0	
2.40806	2901.24439	2901.46153	0	0	
2.418225	2901.32072	2901.60988	0	0	
2.428383	2901.39642	2901.76696	0	0	
2.438541	2901.47147	2901.90659	0	0	
2.448747	2901.54633	2902.03749	0	0	
2.458913	2901.62021	2902.15966	0	0	
2.469055	2901.69334	2902.27311	0	0	
2.479313	2901.76668	2902.36037	0	0	
2.489391	2901.8381	2902.43891	0	0	
2.499532	2901.90938	2902.5	0	0	
2.509738	2901.98048	2902.53491	0	0	
2.519858	2902.05038	2902.56109	0	0	
2.530013	2902.11991	2902.56981	0	0	
2.540494	2902.19106	2902.56981	0	0	
2.550367	2902.25745	2902.55236	0	0	
2.560504	2902.32503	2902.53491	0	0	
2.570671	2902.39218	2902.5	0	0	
2.580836	2902.45873	2902.47382	0	0	
2.59103	2902.52485	2902.43891	0	0	
2.601168	2902.58997	2902.41273	0	0	
2.611318	2902.65457	2902.39528	0	0	
2.621526	2902.71892	2902.37783	0	0	
2.631636	2902.78206	2902.37783	0	0	
2.642073	2902.84662	2902.39528	0	0	
2.652016	2902.90748	2902.41273	0	0	
2.6621	2902.96864	2902.45637	0	0	
2.672252	2903.02956	2902.51745	0	0	
2.682383	2903.08979	2902.58727	0	0	
2.692548	2903.14959	2902.67453	0	0	
2.702817	2903.20939	2902.7618	0	0	
2.712875	2903.26736	2902.86652	0	0	
2.723029	2903.32526	2902.98869	0	0	
2.733289	2903.38315	2903.11086	0	0	
2.743772	2903.44165	2903.24176	0	0	
2.753561	2903.49571	2903.37266	0	0	
2.763696	2903.55108	2903.51229	0	0	
2.773875	2903.60606	2903.65192	0	0	
2.784006	2903.66018	2903.79154	0	0	
2.794143	2903.71373	2903.92244	0	0	
2.804284	2903.76674	2904.05334	0	0	
2.814433	2903.81911	2904.17552	0	0	
2.824582	2903.87089	2904.29769	0	0	
2.834832	2903.92259	2904.39368	0	0	
2.844944	2903.97298	2904.48967	0	0	
2.855062	2904.02277	2904.55949	0	0	
2.865198	2904.07208	2904.61185	0	0	
2.875353	2904.12086	2904.64675	0	0	
2.885521	2904.16908	2904.67293	0	0	
2.895631	2904.21645	2904.67293	0	0	
2.905811	2904.26351	2904.65548	0	0	
2.916049	2904.31023	2904.6293	0	0	
2.926119	2904.3556	2904.59439	0	0	
2.93626	2904.40067	2904.55076	0	0	
2.946438	2904.4453	2904.50713	0	0	
2.956559	2904.48907	2904.46349	0	0	
2.974779	2904.56552	2904.41986	0	0	
2.979331	2904.58464	2904.3675	0	0	
2.989558	2904.6269	2904.34132	0	0	
2.999653	2904.66802	2904.32387	0	0	
3.00983	2904.70885	2904.31514	0	0	
3.020157	2904.74967	2904.31514	0	0	
3.030161	2904.78863	2904.32387	0	0	
3.040287	2904.82744	2904.35005	0	0	
3.050439	2904.86578	2904.39368	0	0	
3.060555	2904.90336	2904.45477	0	0	
3.070792	2904.94079	2904.51585	0	0	
3.080886	2904.9771	2904.59439	0	0	
3.091147	2905.01339	2904.68166	0	0	
3.101339	2905.04882	2904.77765	0	0	
3.111478	2905.08349	2904.87365	0	0	
3.121598	2905.11748	2904.97837	0	0	
3.131755	2905.15099	2905.09181	0	0	
3.141876	2905.1838	2905.19653	0	0	
3.152099	2905.21634	2905.30125	0	0	
3.162226	2905.24795	2905.40597	0	0	
3.172391	2905.2791	2905.50197	0	0	
3.182575	2905.30969	2905.59796	0	0	
3.192711	2905.33954	2905.68523	0	0	
3.20289	2905.36893	2905.75504	0	0	
3.213016	2905.39757	2905.81612	0	0	
3.231305	2905.44694	2905.88594	0	0	
3.235985	2905.45962	2905.90339	0	0	
3.246361	2905.48696	2905.92084	0	0	
3.256168	2905.51225	2905.92084	0	0	
3.266694	2905.53875	2905.90339	0	0	
3.276481	2905.56285	2905.87721	0	0	
3.286629	2905.58724	2905.8423	0	0	
3.296775	2905.61104	2905.79867	0	0	
3.30689	2905.63418	2905.75504	0	0	
3.317085	2905.65691	2905.71141	0	0	
3.335451	2905.69549	2905.62414	0	0	
3.340085	2905.70528	2905.60669	0	0	
3.350209	2905.72593	2905.56305	0	0	
3.360343	2905.74602	2905.51942	0	0	
3.370511	2905.7656	2905.49324	0	0	
3.38064	2905.78452	2905.47579	0	0	
3.390859	2905.80301	2905.45833	0	0	
3.400928	2905.82067	2905.45833	0	0	
3.411099	2905.83792	2905.46706	0	0	
3.421312	2905.85465	2905.48451	0	0	
3.431456	2905.8707	2905.51069	0	0	
3.441589	2905.88615	2905.55433	0	0	
3.451779	2905.90112	2905.59796	0	0	
3.4619	2905.91542	2905.65032	0	0	
3.472094	2905.92924	2905.71141	0	0	
3.48238	2905.9426	2905.76377	0	0	
3.492406	2905.95508	2905.83358	0	0	
3.502569	2905.96716	2905.90339	0	0	
3.512672	2905.97861	2905.9732	0	0	
3.52289	2905.98963	2906.03429	0	0	
3.533023	2906	2906.1041	0	0	
3.543224	2906.00987	2906.16519	0	0	
3.553432	2906.01921	2906.21755	0	0	
3.563559	2906.02792	2906.26991	0	0	
3.573742	2906.03614	2906.32227	0	0	
3.583852	2906.04377	2906.35718	0	0	
3.593991	2906.05089	2906.38336	0	0	
3.604176	2906.05751	2906.39208	0	0	
3.614304	2906.06358	2906.40081	0	0	
3.624413	2906.06913	2906.39208	0	0	
3.634583	2906.07421	2906.37463	0	0	
3.645143	2906.07894	2906.34845	0	0	
3.655016	2906.08292	2906.31354	0	0	
3.665072	2906.08651	2906.26991	0	0	
3.675203	2906.08967	2906.235	0	0	
3.685411	2906.09241	2906.18264	0	0	
3.695497	2906.09471	2906.13901	0	0	
3.705645	2906.09663	2906.09538	0	0	
3.715785	2906.09819	2906.04302	0	0	
3.72601	2906.10263	2906.00811	0	0	
3.736327	2906.10263	2905.9732	0	0	
3.746276	2906.10263	2905.9383	0	0	
3.756412	2906.10263	2905.90339	0	0	
3.76656	2906.10263	2905.87721	0	0	
3.776683	2906.10263	2905.85976	0	0	
3.786836	2906.10263	2905.85103	0	0	
3.796995	2906.10263	2905.8423	0	0	
3.807169	2906.10263	2905.83358	0	0	
3.817385	2906.10263	2905.8423	0	0	
3.827671	2906.10263	2905.85103	0	0	
3.837706	2906.10263	2905.87721	0	0	
3.847862	2906.10263	2905.90339	0	0	
3.857987	2906.10263	2905.92957	0	0	
3.868189	2906.10263	2905.96448	0	0	
3.878313	2906.10263	2906.00811	0	0	
3.888445	2906.10263	2906.04302	0	0	
3.908475	2906.10263	2906.11283	0	0	
3.91303	2906.10263	2906.13028	0	0	
3.923238	2906.10263	2906.16519	0	0	
3.933503	2906.10263	2906.19137	0	0	
3.943562	2906.10263	2906.20882	0	0	
