0.03544634	1118.05792	1118.07537	0	0	
0.04002225	1118.05811	1118.09283	0	0	
0.05016007	1118.05931	1118.11028	0	0	
0.06037187	1118.06115	1118.13646	0	0	
0.07045269	1118.06357	1118.14519	0	0	
0.0806465	1118.06665	1118.16264	0	0	
0.09082031	1118.07034	1118.17137	0	0	
0.1009921	1118.07465	1118.17137	0	0	
0.1110829	1118.07953	1118.17137	0	0	
0.1212677	1118.08509	1118.16264	0	0	
0.1314275	1118.09125	1118.15391	0	0	
0.1415624	1118.098	1118.14519	0	0	
0.1517152	1118.1054	1118.12773	0	0	
0.161856	1118.11339	1118.11028	0	0	
0.1720138	1118.12203	1118.09283	0	0	
0.1821566	1118.13126	1118.07537	0	0	
0.1923724	1118.14123	1118.05792	0	0	
0.2024892	1118.15164	1118.04047	0	0	
0.212647	1118.16275	1118.03174	0	0	
0.2227858	1118.17446	1118.02301	0	0	
0.2331027	1118.18702	1118.03174	0	0	
0.2431115	1118.19978	1118.04047	0	0	
0.2532113	1118.21328	1118.05792	0	0	
0.2633591	1118.22747	1118.07537	0	0	
0.2735709	1118.24237	1118.10155	0	0	
0.2836857	1118.25774	1118.13646	0	0	
0.3017184	1118.28753	1118.19755	0	0	
0.3063003	1118.29503	1118.215	0	0	
0.3164841	1118.31252	1118.25863	0	0	
0.3266479	1118.33059	1118.30226	0	0	
0.3368117	1118.34927	1118.3459	0	0	
0.3470555	1118.36874	1118.38953	0	0	
0.3571463	1118.38853	1118.43316	0	0	
0.3673001	1118.40905	1118.4768	0	0	
0.377485	1118.43025	1118.5117	0	0	
0.3876118	1118.45196	1118.55534	0	0	
0.3977966	1118.47442	1118.59024	0	0	
0.4079454	1118.49741	1118.63388	0	0	
0.4181532	1118.52116	1118.66006	0	0	
0.42841	1118.54567	1118.68624	0	0	
0.4384858	1118.57033	1118.70369	0	0	
0.4486256	1118.59577	1118.72114	0	0	
0.4588414	1118.62204	1118.7386	0	0	
0.4689593	1118.64866	1118.75605	0	0	
0.4790881	1118.67592	1118.75605	0	0	
0.4892339	1118.70385	1118.76478	0	0	
0.4994327	1118.73258	1118.76478	0	0	
0.5096195	1118.76186	1118.75605	0	0	
0.5197663	1118.79181	1118.75605	0	0	
0.5299321	1118.82213	1118.75605	0	0	
0.5401469	1118.85338	1118.76478	0	0	
0.5502547	1118.88489	1118.76478	0	0	
0.5604265	1118.91735	1118.7735	0	0	
0.5705074	1118.94993	1118.78223	0	0	
0.5806992	1118.98357	1118.79968	0	0	
0.590831	1119.01763	1118.82586	0	0	
0.6010138	1119.0525	1118.85204	0	0	
0.6112016	1119.08802	1118.88695	0	0	
0.6212874	1119.12376	1118.93058	0	0	
0.6314162	1119.16029	1118.98294	0	0	
0.641657	1119.19786	1119.04403	0	0	
0.6517498	1119.23548	1119.10512	0	0	
0.6619087	1119.27397	1119.17493	0	0	
0.6720375	1119.31296	1119.2622	0	0	
0.6821963	1119.35271	1119.34074	0	0	
0.7002729	1119.42578	1119.48909	0	0	
0.7048189	1119.44411	1119.524	0	0	
0.7150527	1119.48614	1119.61126	0	0	
0.7251225	1119.52811	1119.68108	0	0	
0.7354333	1119.57176	1119.75961	0	0	
0.7455031	1119.61495	1119.8207	0	0	
0.7556399	1119.65906	1119.89051	0	0	
0.7657847	1119.70382	1119.94287	0	0	
0.7762845	1119.75083	1119.97778	0	0	
0.7861193	1119.79541	1120.01269	0	0	
0.7963081	1119.84224	1120.04759	0	0	
0.806385	1119.88914	1120.06505	0	0	
0.8165498	1119.9371	1120.0825	0	0	
0.8267116	1119.98566	1120.09123	0	0	
0.8371424	1120.03616	1120.09123	0	0	
0.8474762	1120.08684	1120.09123	0	0	
0.85742	1120.13616	1120.09123	0	0	
0.8675818	1120.18721	1120.09123	0	0	
0.8779136	1120.23976	1120.09123	0	0	
0.8878744	1120.29098	1120.09995	0	0	
0.8980442	1120.34393	1120.11741	0	0	
0.9082171	1120.39753	1120.13486	0	0	
0.9183489	1120.45149	1120.16977	0	0	
0.9285267	1120.50634	1120.20467	0	0	
0.9386935	1120.56176	1120.26576	0	0	
0.9488163	1120.61852	1120.33557	0	0	
0.9589981	1120.67426	1120.41411	0	0	
0.9693139	1120.7324	1120.51011	0	0	
0.9794587	1120.79017	1120.6061	0	0	
0.9896645	1120.84889	1120.71955	0	0	
0.9998473	1120.90814	1120.83299	0	0	
1.009987	1120.96773	1120.95517	0	0	
1.020127	1121.02793	1121.07734	0	0	
1.030267	1121.08876	1121.19078	0	0	
1.041047	1121.15419	1121.31296	0	0	
1.051252	1121.21669	1121.4264	0	0	
1.061265	1121.2786	1121.53112	0	0	
1.071611	1121.34328	1121.61839	0	0	
1.081594	1121.40619	1121.70566	0	0	
1.091717	1121.47065	1121.7842	0	0	
1.101872	1121.53595	1121.84528	0	0	
1.112014	1121.60175	1121.89764	0	0	
1.12218	1121.66836	1121.95	0	0	
1.132413	1121.73603	1121.96746	0	0	
1.142535	1121.8036	1121.99364	0	0	
1.152648	1121.87167	1122.00236	0	0	
1.162811	1121.94072	1122.01982	0	0	
1.172946	1122.01019	1122.01982	0	0	
1.183084	1122.0803	1122.01982	0	0	
1.193232	1122.15112	1122.01982	0	0	
1.203422	1122.22284	1122.02854	0	0	
1.213535	1122.29462	1122.03727	0	0	
1.223702	1122.36743	1122.06345	0	0	
1.233906	1122.4411	1122.09836	0	0	
1.244026	1122.51482	1122.14199	0	0	
1.254169	1122.58927	1122.2118	0	0	
1.264336	1122.66458	1122.29034	0	0	
1.274518	1122.74058	1122.38634	0	0	
1.284673	1122.81698	1122.49106	0	0	
1.294831	1122.89404	1122.59577	0	0	
1.304985	1122.9717	1122.72667	0	0	
1.31517	1123.05023	1122.84885	0	0	
1.334545	1123.2024	1123.11065	0	0	
1.339583	1123.24188	1123.18046	0	0	
1.349718	1123.32208	1123.32881	0	0	
1.359868	1123.40305	1123.46844	0	0	
1.370069	1123.48508	1123.61679	0	0	
1.380187	1123.567	1123.75642	0	0	
1.390321	1123.64967	1123.90477	0	0	
1.400519	1123.73381	1124.03567	0	0	
1.410621	1123.81721	1124.16657	0	0	
1.420778	1123.90194	1124.28874	0	0	
1.430888	1123.98689	1124.39346	0	0	
1.441109	1124.07342	1124.48073	0	0	
1.451293	1124.16023	1124.568	0	0	
1.461657	1124.24926	1124.62908	0	0	
1.471561	1124.3349	1124.68144	0	0	
1.481737	1124.42347	1124.71635	0	0	
1.491853	1124.51219	1124.74253	0	0	
1.501988	1124.60164	1124.75998	0	0	
1.512141	1124.69191	1124.77744	0	0	
1.522368	1124.78349	1124.79489	0	0	
1.532532	1124.87511	1124.80362	0	0	
1.542697	1124.96739	1124.82107	0	0	
1.55277	1125.05936	1124.83852	0	0	
1.562915	1125.15265	1124.8647	0	0	
1.573076	1125.24668	1124.91706	0	0	
1.583232	1125.3413	1124.96942	0	0	
1.593369	1125.43636	1125.03924	0	0	
1.603518	1125.53216	1125.1265	0	0	
1.613663	1125.62855	1125.2225	0	0	
1.631695	1125.80222	1125.42321	0	0	
1.636354	1125.84707	1125.47557	0	0	
1.646433	1125.94477	1125.60647	0	0	
1.656601	1126.04398	1125.74609	0	0	
1.666794	1126.14411	1125.88572	0	0	
1.676923	1126.24413	1126.03407	0	0	
1.687085	1126.34512	1126.18243	0	0	
1.697258	1126.44688	1126.33078	0	0	
1.707462	1126.54956	1126.48786	0	0	
1.717685	1126.65307	1126.64494	0	0	
1.727699	1126.75502	1126.80202	0	0	
1.738225	1126.86293	1126.96782	0	0	
1.748062	1126.9643	1127.13363	0	0	
1.758206	1127.06946	1127.29071	0	0	
1.768312	1127.17482	1127.44779	0	0	
1.778502	1127.28169	1127.59614	0	0	
1.788883	1127.39122	1127.7445	0	0	
1.799004	1127.49861	1127.88412	0	0	
1.809115	1127.60654	1128.0063	0	0	
1.819317	1127.71609	1128.11974	0	0	
1.829649	1127.82759	1128.22446	0	0	
1.840124	1127.94137	1128.303	0	0	
1.850001	1128.04916	1128.37281	0	0	
1.860117	1128.1584	1128.4339	0	0	
1.870286	1128.26762	1128.47753	0	0	
1.880415	1128.37575	1128.52117	0	0	
1.89077	1128.48567	1128.5648	0	0	
1.900767	1128.59118	1128.59971	0	0	
1.910891	1128.69747	1128.63461	0	0	
1.921046	1128.80344	1128.66952	0	0	
1.931254	1128.9094	1128.71315	0	0	
1.941709	1129.01723	1128.75679	0	0	
1.951806	1129.1207	1128.80915	0	0	
1.96199	1129.22457	1128.87896	0	0	
1.972129	1129.32731	1128.96623	0	0	
1.982331	1129.4301	1129.05349	0	0	
1.99247	1129.53193	1129.15821	0	0	
2.002585	1129.63231	1129.28039	0	0	
2.012762	1129.73297	1129.40256	0	0	
2.022893	1129.8326	1129.53346	0	0	
2.033037	1129.93175	1129.66436	0	0	
2.051683	1130.11152	1129.92616	0	0	
2.056238	1130.15544	1129.99597	0	0	
2.066414	1130.2529	1130.14432	0	0	
2.07669	1130.35068	1130.29268	0	0	
2.086752	1130.44581	1130.44976	0	0	
2.097006	1130.54218	1130.60684	0	0	
2.107224	1130.6376	1130.76392	0	0	
2.117478	1130.73273	1130.921	0	0	
2.127423	1130.82431	1131.07808	0	0	
2.137648	1130.91794	1131.23515	0	0	
2.147791	1131.0102	1131.38351	0	0	
2.157944	1131.10193	1131.52313	0	0	
2.16808	1131.1929	1131.64531	0	0	
2.178205	1131.28317	1131.75875	0	0	
2.188405	1131.37352	1131.84602	0	0	
2.206573	1131.53205	1131.95947	0	0	
2.211255	1131.57296	1131.98565	0	0	
2.221316	1131.66006	1132.02055	0	0	
2.231439	1131.74715	1132.03801	0	0	
2.241981	1131.83721	1132.03801	0	0	
2.251756	1131.9201	1132.03801	0	0	
2.261894	1132.00545	1132.03801	0	0	
2.27204	1132.09029	1132.02928	0	0	
2.282203	1132.17468	1132.02928	0	0	
2.300258	1132.32227	1132.02928	0	0	
2.304826	1132.35962	1132.04673	0	0	
2.315011	1132.44223	1132.07291	0	0	
2.325132	1132.52368	1132.11655	0	0	
2.335328	1132.60514	1132.17763	0	0	
2.345474	1132.68558	1132.2649	0	0	
2.355675	1132.76586	1132.35217	0	0	
2.365791	1132.84482	1132.45689	0	0	
2.375963	1132.92366	1132.57906	0	0	
2.386113	1133.0017	1132.70123	0	0	
2.396285	1133.07934	1132.84086	0	0	
2.406422	1133.15604	1132.97176	0	0	
2.416633	1133.23301	1133.12011	0	0	
2.426761	1133.3082	1133.25974	0	0	
2.436903	1133.38315	1133.41682	0	0	
2.447083	1133.45777	1133.55644	0	0	
2.457198	1133.53131	1133.71352	0	0	
2.467444	1133.6052	1133.85315	0	0	
2.477566	1133.67756	1133.99277	0	0	
2.487715	1133.74952	1134.11495	0	0	
2.497899	1133.82115	1134.22839	0	0	
2.508003	1133.89158	1134.32439	0	0	
2.518194	1133.96202	1134.41165	0	0	
2.528334	1134.03148	1134.48147	0	0	
2.538508	1134.10062	1134.51637	0	0	
2.548764	1134.16966	1134.55128	0	0	
2.558848	1134.23694	1134.55128	0	0	
2.568955	1134.30378	1134.55128	0	0	
2.579242	1134.37118	1134.53383	0	0	
2.589298	1134.43649	1134.51637	0	0	
2.599466	1134.50189	1134.49892	0	0	
2.609666	1134.56694	1134.46401	0	0	
2.619841	1134.63118	1134.44656	0	0	
2.630016	1134.6948	1134.43783	0	0	
2.640156	1134.75762	1134.43783	0	0	
2.650356	1134.82021	1134.45529	0	0	
2.660484	1134.88175	1134.48147	0	0	
2.670633	1134.94279	1134.53383	0	0	
2.680779	1135.00323	1134.60364	0	0	
2.690988	1135.06343	1134.67345	0	0	
2.701098	1135.12244	1134.77817	0	0	
2.71125	1135.18109	1134.88289	0	0	
2.721383	1135.23906	1134.98761	0	0	
2.731602	1135.29689	1135.11851	0	0	
2.7417	1135.35341	1135.24941	0	0	
2.751882	1135.40983	1135.37159	0	0	
2.761998	1135.46527	1135.51121	0	0	
2.772153	1135.52033	1135.64211	0	0	
2.782363	1135.57506	1135.77301	0	0	
2.792496	1135.62879	1135.88646	0	0	
2.802656	1135.68205	1135.9999	0	0	
2.812791	1135.73459	1136.10462	0	0	
2.822963	1135.78672	1136.19189	0	0	
2.833115	1135.83813	1136.25298	0	0	
2.843332	1135.88929	1136.30534	0	0	
2.853436	1135.93924	1136.34024	0	0	
2.863583	1135.98882	1136.34897	0	0	
2.873881	1136.03852	1136.34897	0	0	
2.883943	1136.08651	1136.33152	0	0	
2.89405	1136.13407	1136.29661	0	0	
2.90423	1136.18141	1136.2617	0	0	
2.914436	1136.22826	1136.2268	0	0	
2.924674	1136.27463	1136.18316	0	0	
2.934808	1136.31995	1136.15698	0	0	
2.944959	1136.36475	1136.1308	0	0	
2.955127	1136.40898	1136.12208	0	0	
2.965217	1136.45231	1136.11335	0	0	
2.975421	1136.49552	1136.1308	0	0	
2.985586	1136.53797	1136.15698	0	0	
2.995763	1136.57985	1136.20062	0	0	
3.005874	1136.62087	1136.2617	0	0	
3.016056	1136.66158	1136.33152	0	0	
3.026205	1136.70157	1136.41878	0	0	
3.036354	1136.74094	1136.51478	0	0	
3.046837	1136.78099	1136.6195	0	0	
3.056696	1136.81807	1136.72422	0	0	
3.066821	1136.85557	1136.83766	0	0	
3.076935	1136.89244	1136.94238	0	0	
3.087135	1136.92902	1137.05583	0	0	
3.097283	1136.96481	1137.16055	0	0	
3.107505	1137.00027	1137.25654	0	0	
3.1176	1137.03468	1137.34381	0	0	
3.127759	1137.06872	1137.42235	0	0	
3.137946	1137.10226	1137.48343	0	0	
3.156315	1137.16037	1137.55325	0	0	
3.161012	1137.17527	1137.55325	0	0	
3.171065	1137.20645	1137.5707	0	0	
3.181224	1137.23737	1137.55325	0	0	
3.191367	1137.26764	1137.53579	0	0	
3.201472	1137.29722	1137.50089	0	0	
3.211903	1137.32712	1137.46598	0	0	
3.22189	1137.35516	1137.43107	0	0	
3.232028	1137.38306	1137.37871	0	0	
3.242185	1137.41042	1137.32635	0	0	
3.252439	1137.43744	1137.28272	0	0	
3.262502	1137.46337	1137.23909	0	0	
3.272703	1137.48906	1137.20418	0	0	
3.282801	1137.5139	1137.18673	0	0	
3.292949	1137.5383	1137.178	0	0	
3.303107	1137.56213	1137.18673	0	0	
3.313218	1137.58526	1137.20418	0	0	
3.333597	1137.62895	1137.24781	0	0	
3.338199	1137.63889	1137.32635	0	0	
3.348399	1137.66021	1137.39617	0	0	
3.358538	1137.6808	1137.47471	0	0	
3.368694	1137.70086	1137.56197	0	0	
3.378853	1137.72034	1137.64924	0	0	
3.388981	1137.73919	1137.74523	0	0	
3.399155	1137.75754	1137.8325	0	0	
3.409288	1137.77525	1137.91977	0	0	
3.419485	1137.79249	1137.99831	0	0	
3.429559	1137.80896	1138.07685	0	0	
3.43974	1137.82502	1138.13793	0	0	
3.449972	1137.84059	1138.19029	0	0	
3.460104	1137.85544	1138.2252	0	0	
3.470248	1137.86975	1138.24265	0	0	
3.480387	1137.88347	1138.25138	0	0	
3.490571	1137.8967	1138.23392	0	0	
3.500756	1137.90936	1138.19902	0	0	
3.510861	1137.92136	1138.15539	0	0	
3.52103	1137.93289	1138.10303	0	0	
3.531216	1137.94388	1138.04194	0	0	
3.54131	1137.95422	1137.98085	0	0	
3.551704	1137.96429	1137.91977	0	0	
3.56162	1137.97339	1137.85868	0	0	
3.571769	1137.98215	1137.80632	0	0	
3.581902	1137.99037	1137.75396	0	0	
3.592059	1137.99806	1137.71033	0	0	
3.60222	1138.00524	1137.67542	0	0	
3.620251	1138.01597	1137.65797	0	0	
3.624842	1138.01875	1137.65797	0	0	
3.634979	1138.02426	1137.67542	0	0	
3.645136	1138.0293	1137.71033	0	0	
3.65532	1138.03386	1137.76269	0	0	
3.666151	1138.03815	1137.81505	0	0	
3.676042	1138.04166	1137.88486	0	0	
3.686179	1138.04481	1137.94595	0	0	
3.69634	1138.04754	1138.01576	0	0	
3.706546	1138.04987	1138.0943	0	0	
3.724627	1138.05248	1138.21647	0	0	
3.729186	1138.0532	1138.24265	0	0	
3.739431	1138.05792	1138.29501	0	0	
3.749775	1138.05792	1138.33864	0	0	
3.759674	1138.05792	1138.37355	0	0	
3.769781	1138.05792	1138.391	0	0	
3.780002	1138.05792	1138.39973	0	0	
3.790131	1138.05792	1138.38228	0	0	
3.800279	1138.05792	1138.3561	0	0	
3.810384	1138.05792	1138.31246	0	0	
3.820524	1138.05792	1138.26883	0	0	
3.830713	1138.05792	1138.20775	0	0	
3.840871	1138.05792	1138.14666	0	0	
3.85925	1138.05792	1138.02449	0	0	
3.871702	1138.05792	1137.93722	0	0	
3.876498	1138.05792	1137.91104	0	0	
3.886412	1138.05792	1137.84995	0	0	
3.896568	1138.05792	1137.78887	0	0	
3.90675	1138.05792	1137.74523	0	0	
3.916953	1138.05792	1137.71905	0	0	
3.927074	1138.05792	1137.71033	0	0	
3.937217	1138.05792	1137.71033	0	0	
3.947756	1138.05792	1137.72778	0	0	
3.957567	1138.05792	1137.76269	0	0	
3.967674	1138.05792	1137.80632	0	0	
3.977909	1138.05792	1137.86741	0	0	
3.988033	1138.05792	1137.91977	0	0	
3.998162	1138.05792	1137.98958	0	0	
4.008315	1138.05792	1138.05939	0	0	
4.018469	1138.05792	1138.12921	0	0	
4.028638	1138.05792	1138.19029	0	0	
4.038775	1138.05792	1138.23392	0	0	
