0.03303836	373.247387	373.247387	47.612582	47.612582	
0.03766527	373.247579	373.247387	47.612582	47.612582	
0.04777808	373.24878	373.247387	47.612582	47.612582	
0.05824788	373.250692	373.256114	47.612582	47.612582	
0.06807669	373.253048	373.256114	47.612582	47.612582	
0.07830249	373.256138	373.256114	47.612582	47.612582	
0.0883883	373.259791	373.256114	47.612582	47.612582	
0.0986091	373.264127	373.256114	47.612582	47.612582	
0.1087489	373.26904	373.26484	47.612582	47.612582	
0.1273625	373.280621	373.273567	47.612582	47.612582	
0.1322994	373.28363	373.273567	47.612582	47.612582	
0.1421263	373.29035	373.282294	47.612582	47.612582	
0.1522511	373.297896	373.282294	47.612582	47.612582	
0.1624179	373.306099	373.29102	47.612582	47.612582	
0.1725297	373.314869	373.29102	47.612582	47.612582	
0.1827845	373.324398	373.299747	47.612582	47.612582	
0.1928853	373.334391	373.308474	47.612582	47.612582	
0.2030041	373.345017	373.308474	47.612582	47.612582	
0.2132959	373.356467	373.3172	47.612582	47.612582	
0.2233107	373.368194	373.325927	47.612582	47.612582	
0.2417203	373.392274	373.34338	47.612582	47.612582	
0.2463963	373.398315	373.34338	47.612582	47.612582	
0.2564751	373.412134	373.352107	47.612582	47.612582	
0.2666099	373.426645	373.360834	47.612582	47.612582	
0.2767767	373.44182	373.378287	47.612582	47.612582	
0.2869245	373.457586	373.387014	47.612582	47.612582	
0.2970753	373.473974	373.39574	47.612582	47.612582	
0.3072581	373.491042	373.413193	47.612582	47.612582	
0.3252047	373.523475	373.430647	47.612582	47.612582	
0.3297826	373.531677	373.456827	47.612582	47.612582	
0.3399924	373.550801	373.47428	47.612582	47.612582	
0.3501412	373.570416	373.50046	47.612582	47.612582	
0.3603311	373.590737	373.517913	47.612582	47.612582	
0.3704659	373.611562	373.544093	47.612582	47.612582	
0.3806387	373.633091	373.570273	47.612582	47.612582	
0.3907735	373.655152	373.60518	47.612582	47.612582	
0.4009273	373.677872	373.63136	47.612582	47.612582	
0.4111251	373.701327	373.65754	47.612582	47.612582	
0.4212949	373.725316	373.692446	47.612582	47.612582	
0.4314427	373.749893	373.727353	47.612582	47.612582	
0.4416005	373.775093	373.753533	47.612582	47.612582	
0.4517883	373.801001	373.788439	47.612582	47.612582	
0.4619301	373.827413	373.814619	47.612582	47.612582	
0.4720669	373.854413	373.849526	47.612582	47.612582	
0.4822367	373.882141	373.884432	47.612582	47.612582	
0.4924085	373.910484	373.919339	47.612582	47.612582	
0.5027763	373.940034	373.954246	47.612582	47.612582	
0.5130521	373.969949	373.989152	47.612582	47.612582	
0.5230799	373.999726	374.015332	47.612582	47.612582	
0.5337017	374.031979	374.050239	47.612582	47.612582	
0.5434175	374.061999	374.076419	47.612582	47.612582	
0.5535593	374.093981	374.111325	47.612582	47.612582	
0.5637691	374.126819	374.146232	47.612582	47.612582	
0.5738609	374.159859	374.181138	47.612582	47.612582	
0.5840417	374.193831	374.207318	47.612582	47.612582	
0.5941985	374.228332	374.242225	47.612582	47.612582	
0.6043783	374.263553	374.268405	47.612582	47.612582	
0.6147761	374.3002	374.303311	47.612582	47.612582	
0.62477	374.33596	374.338218	47.612582	47.612582	
0.6349368	374.372983	374.373125	47.612582	47.612582	
0.6451316	374.410733	374.408031	47.612582	47.612582	
0.6552974	374.44931	374.442938	47.612582	47.612582	
0.6653512	374.487433	374.477844	47.612582	47.612582	
0.675488	374.526804	374.512751	47.612582	47.612582	
0.6856508	374.566932	374.547657	47.612582	47.612582	
0.6957926	374.60755	374.582564	47.612582	47.612582	
0.7060434	374.649279	374.626197	47.612582	47.612582	
0.7163232	374.691733	374.669831	47.612582	47.612582	
0.726315	374.733587	374.704737	47.612582	47.612582	
0.7364468	374.77666	374.74837	47.612582	47.612582	
0.7466026	374.820442	374.792004	47.612582	47.612582	
0.7567364	374.864745	374.835637	47.612582	47.612582	
0.7672462	374.912073	374.87927	47.612582	47.612582	
0.777046	374.955434	374.93163	47.612582	47.612582	
0.7871938	375.001643	374.966536	47.612582	47.612582	
0.7974816	375.049148	375.018896	47.612582	47.612582	
0.8075614	375.096291	375.071256	47.612582	47.612582	
0.8176322	375.144009	375.123616	47.612582	47.612582	
0.827868	375.193143	375.175976	47.612582	47.612582	
0.8379958	375.242361	375.219609	47.612582	47.612582	
0.8481047	375.292089	375.271969	47.612582	47.612582	
0.8582705	375.34274	375.324329	47.612582	47.612582	
0.8684413	375.394031	375.376689	47.612582	47.612582	
0.8786501	375.446145	375.429049	47.612582	47.612582	
0.8888349	375.498748	375.481409	47.612582	47.612582	
0.8989697	375.551713	375.542495	47.612582	47.612582	
0.9091615	375.605606	375.594855	47.612582	47.612582	
0.9192633	375.659617	375.647215	47.612582	47.612582	
0.9294471	375.714724	375.699575	47.612582	47.612582	
0.9396599	375.770576	375.760661	47.612582	47.612582	
0.9497717	375.826485	375.821748	47.612582	47.612582	
0.9599315	375.883309	375.874108	47.612582	47.612582	
0.9700673	375.940615	375.935194	47.612582	47.612582	
0.9802881	375.999007	375.996281	47.612582	47.612582	
0.9905319	376.058155	376.048641	47.612582	47.612582	
1.000607	376.116949	376.101001	47.612582	47.612582	
1.010776	376.176926	376.162087	47.612582	47.612582	
1.020993	376.237802	376.223174	47.612582	47.612582	
1.031054	376.298358	376.28426	47.612582	47.612582	
1.041295	376.360631	376.345347	47.612582	47.612582	
1.051418	376.422774	376.397706	47.612582	47.612582	
1.061609	376.485978	376.46752	47.612582	47.612582	
1.071701	376.549182	376.528606	47.612582	47.612582	
1.081892	376.613614	376.589693	47.612582	47.612582	
1.092069	376.67861	376.650779	47.612582	47.612582	
1.102225	376.744058	376.720592	47.612582	47.612582	
1.112378	376.810111	376.781679	47.612582	47.612582	
1.122558	376.876976	376.851492	47.612582	47.612582	
1.133557	376.950026	376.921305	47.612582	47.612582	
1.143308	377.015215	376.982392	47.612582	47.612582	
1.153412	377.083428	377.052205	47.612582	47.612582	
1.16356	377.152586	377.122018	47.612582	47.612582	
1.173689	377.222215	377.191831	47.612582	47.612582	
1.18397	377.293549	377.261644	47.612582	47.612582	
1.194027	377.36388	377.331458	47.612582	47.612582	
1.204189	377.435582	377.409997	47.612582	47.612582	
1.214428	377.508524	377.479811	47.612582	47.612582	
1.22453	377.581012	377.549624	47.612582	47.612582	
1.234701	377.654713	377.619437	47.612582	47.612582	
1.244929	377.729376	377.697977	47.612582	47.612582	
1.255002	377.803489	377.776517	47.612582	47.612582	
1.265148	377.87881	377.84633	47.612582	47.612582	
1.2753	377.954795	377.92487	47.612582	47.612582	
1.285504	378.03178	378.003409	47.612582	47.612582	
1.295592	378.10852	378.081949	47.612582	47.612582	
1.305743	378.186329	378.160489	47.612582	47.612582	
1.315909	378.26488	378.239029	47.612582	47.612582	
1.326073	378.344068	378.317569	47.612582	47.612582	
1.336268	378.424129	378.396108	47.612582	47.612582	
1.346343	378.503791	378.474648	47.612582	47.612582	
1.35649	378.58469	378.553188	47.612582	47.612582	
1.366687	378.666556	378.631728	47.612582	47.612582	
1.376807	378.748473	378.718994	47.612582	47.612582	
1.386967	378.831342	378.806261	47.612582	47.612582	
1.397195	378.915354	378.884801	47.612582	47.612582	
1.40727	378.998706	378.96334	47.612582	47.612582	
1.41746	379.083668	379.050607	47.612582	47.612582	
1.42756	379.16849	379.137873	47.612582	47.612582	
1.437907	379.256071	379.216413	47.612582	47.612582	
1.447858	379.340807	379.30368	47.612582	47.612582	
1.458053	379.428277	379.390946	47.612582	47.612582	
1.468181	379.515795	379.478213	47.612582	47.612582	
1.478339	379.604184	379.565479	47.612582	47.612582	
1.488463	379.692908	379.652746	47.612582	47.612582	
1.498664	379.78296	379.748739	47.612582	47.612582	
1.508843	379.873377	379.836005	47.612582	47.612582	
1.518968	379.963936	379.923272	47.612582	47.612582	
1.529079	380.054983	380.010538	47.612582	47.612582	
1.539556	380.150051	380.106531	47.612582	47.612582	
1.54974	380.243066	380.202524	47.612582	47.612582	
1.559919	380.336611	380.289791	47.612582	47.612582	
1.570027	380.430095	380.385784	47.612582	47.612582	
1.580227	380.525122	380.481777	47.612582	47.612582	
1.590371	380.620235	380.57777	47.612582	47.612582	
1.600543	380.716184	380.673763	47.612582	47.612582	
1.610723	380.81286	380.769756	47.612582	47.612582	
1.620871	380.909867	380.865749	47.612582	47.612582	
1.631055	381.007814	380.970469	47.612582	47.612582	
1.641217	381.106177	381.066462	47.612582	47.612582	
1.651363	381.205002	381.162455	47.612582	47.612582	
1.661753	381.306919	381.267175	47.612582	47.612582	
1.671688	381.404815	381.363168	47.612582	47.612582	
1.681847	381.505616	381.459161	47.612582	47.612582	
1.69204	381.607398	381.563881	47.612582	47.612582	
1.702184	381.709318	381.668601	47.612582	47.612582	
1.71233	381.811834	381.773321	47.612582	47.612582	
1.722514	381.915799	381.87804	47.612582	47.612582	
1.732686	382.019442	381.98276	47.612582	47.612582	
1.742885	382.124427	382.08748	47.612582	47.612582	
1.753035	382.229452	382.1922	47.612582	47.612582	
1.76318	382.335075	382.296919	47.612582	47.612582	
1.782726	382.541448	382.497632	47.612582	47.612582	
1.787375	382.590406	382.549992	47.612582	47.612582	
1.797562	382.698558	382.663438	47.612582	47.612582	
1.807646	382.806265	382.768158	47.612582	47.612582	
1.817751	382.914735	382.872878	47.612582	47.612582	
1.82796	383.025015	382.986324	47.612582	47.612582	
1.838188	383.136118	383.099771	47.612582	47.612582	
1.848221	383.24569	383.213217	47.612582	47.612582	
1.858384	383.355425	383.326664	47.612582	47.612582	
1.868549	383.464686	383.44011	47.612582	47.612582	
1.878836	383.574456	383.553556	47.612582	47.612582	
1.896754	383.763516	383.745543	47.612582	47.612582	
1.901373	383.812303	383.797903	47.612582	47.612582	
1.911483	383.918296	383.920076	47.612582	47.612582	
1.921589	384.023673	384.024795	47.612582	47.612582	
1.93185	384.130037	384.129515	47.612582	47.612582	
1.941933	384.23398	384.242961	47.612582	47.612582	
1.962543	384.443588	384.461128	47.612582	47.612582	
1.967209	384.490634	384.513488	47.612582	47.612582	
1.985368	384.672707	384.618207	47.612582	47.612582	
1.989976	384.718898	384.74038	47.612582	47.612582	
2.000113	384.819881	384.8451	47.612582	47.612582	
2.010281	384.92054	384.94982	47.612582	47.612582	
2.0205	385.021104	385.05454	47.612582	47.612582	
2.030693	385.120797	385.150533	47.612582	47.612582	
2.0408	385.219076	385.255252	47.612582	47.612582	
2.050967	385.317276	385.351246	47.612582	47.612582	
2.0612	385.415473	385.447239	47.612582	47.612582	
2.071446	385.513267	385.543232	47.612582	47.612582	
2.081643	385.609848	385.639225	47.612582	47.612582	
2.091873	385.706169	385.735218	47.612582	47.612582	
2.101957	385.800555	385.822484	47.612582	47.612582	
2.112095	385.894808	385.927204	47.612582	47.612582	
2.122225	385.98838	386.014471	47.612582	47.612582	
2.133251	386.089563	386.101737	47.612582	47.612582	
2.15044	386.245109	386.267543	47.612582	47.612582	
2.154989	386.286299	386.311177	47.612582	47.612582	
2.165235	386.378342	386.398443	47.612582	47.612582	
2.175522	386.470161	386.48571	47.612582	47.612582	
2.185658	386.55996	386.572976	47.612582	47.612582	
2.195798	386.649247	386.660242	47.612582	47.612582	
2.205892	386.737476	386.747509	47.612582	47.612582	
2.21626	386.827492	386.834775	47.612582	47.612582	
2.226254	386.913647	386.922042	47.612582	47.612582	
2.236373	387.000288	387.009308	47.612582	47.612582	
2.246666	387.087864	387.096575	47.612582	47.612582	
2.256689	387.172425	387.183841	47.612582	47.612582	
2.266821	387.257412	387.271108	47.612582	47.612582	
2.27697	387.341859	387.358374	47.612582	47.612582	
2.287161	387.42609	387.445641	47.612582	47.612582	
2.297269	387.508952	387.52418	47.612582	47.612582	
2.307499	387.592259	387.611447	47.612582	47.612582	
2.31761	387.674004	387.689987	47.612582	47.612582	
2.327735	387.755225	387.777253	47.612582	47.612582	
2.338206	387.838627	387.86452	47.612582	47.612582	
2.348057	387.91646	387.943059	47.612582	47.612582	
2.358198	387.996001	388.021599	47.612582	47.612582	
2.368314	388.074735	388.108866	47.612582	47.612582	
2.378703	388.155247	388.178679	47.612582	47.612582	
2.38865	388.231202	388.265945	47.612582	47.612582	
2.398924	388.30932	388.335759	47.612582	47.612582	
2.409007	388.38537	388.423025	47.612582	47.612582	
2.419167	388.461412	388.492838	47.612582	47.612582	
2.4294	388.537373	388.571378	47.612582	47.612582	
2.439506	388.611822	388.649918	47.612582	47.612582	
2.449692	388.686181	388.719731	47.612582	47.612582	
2.459901	388.760129	388.789544	47.612582	47.612582	
2.470006	388.832731	388.868084	47.612582	47.612582	
2.480162	388.905084	388.937897	47.612582	47.612582	
2.490313	388.976787	389.00771	47.612582	47.612582	
2.500541	389.048443	389.077524	47.612582	47.612582	
2.510758	389.119359	389.147337	47.612582	47.612582	
2.520854	389.188933	389.21715	47.612582	47.612582	
2.530994	389.258102	389.286963	47.612582	47.612582	
2.541281	389.327687	389.356776	47.612582	47.612582	
2.551353	389.395206	389.426589	47.612582	47.612582	
2.561483	389.462536	389.487676	47.612582	47.612582	
2.571619	389.529287	389.557489	47.612582	47.612582	
2.581773	389.595523	389.627302	47.612582	47.612582	
2.59196	389.661402	389.697115	47.612582	47.612582	
2.602182	389.726892	389.758202	47.612582	47.612582	
2.612259	389.790834	389.819288	47.612582	47.612582	
2.622432	389.854775	389.889102	47.612582	47.612582	
2.632583	389.917984	389.950188	47.612582	47.612582	
2.643094	389.982799	390.011275	47.612582	47.612582	
2.65292	390.042801	390.081088	47.612582	47.612582	
2.663061	390.10412	390.133448	47.612582	47.612582	
2.673229	390.165018	390.203261	47.612582	47.612582	
2.683381	390.225215	390.255621	47.612582	47.612582	
2.693559	390.284933	390.325434	47.612582	47.612582	
2.703714	390.343941	390.377794	47.612582	47.612582	
2.713858	390.402235	390.43888	47.612582	47.612582	
2.724062	390.460313	390.499967	47.612582	47.612582	
2.734175	390.517241	390.552327	47.612582	47.612582	
2.752544	390.618252	390.657046	47.612582	47.612582	
2.757189	390.643836	390.683226	47.612582	47.612582	
2.767255	390.69856	390.744313	47.612582	47.612582	
2.777586	390.754107	390.796673	47.612582	47.612582	
2.787594	390.807308	390.849033	47.612582	47.612582	
2.797766	390.860803	390.901393	47.612582	47.612582	
2.809521	390.921801	390.953752	47.612582	47.612582	
2.819528	390.973136	391.014839	47.612582	47.612582	
2.829726	391.024837	391.058472	47.612582	47.612582	
2.845524	391.103231	391.145739	47.612582	47.612582	
2.855689	391.153203	391.189372	47.612582	47.612582	
2.866004	391.203315	391.241732	47.612582	47.612582	
2.876231	391.252386	391.285365	47.612582	47.612582	
2.886415	391.30067	391.337725	47.612582	47.612582	
2.896537	391.348026	391.390085	47.612582	47.612582	
2.906891	391.395849	391.433718	47.612582	47.612582	
2.916941	391.441665	391.477351	47.612582	47.612582	
2.927231	391.487987	391.529711	47.612582	47.612582	
2.937501	391.53359	391.573344	47.612582	47.612582	
2.947713	391.578335	391.616978	47.612582	47.612582	
2.957947	391.622564	391.660611	47.612582	47.612582	
2.968082	391.665762	391.704244	47.612582	47.612582	
2.97833	391.708827	391.747877	47.612582	47.612582	
2.988569	391.751248	391.79151	47.612582	47.612582	
2.998869	391.793311	391.835144	47.612582	47.612582	
3.017483	391.866835	391.913684	47.612582	47.612582	
3.022351	391.886123	391.931137	47.612582	47.612582	
3.032578	391.925883	391.97477	47.612582	47.612582	
3.042862	391.965241	392.018403	47.612582	47.612582	
3.053017	392.003522	392.05331	47.612582	47.612582	
3.063263	392.041523	392.088216	47.612582	47.612582	
3.07348	392.078809	392.123123	47.612582	47.612582	
3.083686	392.11547	392.166756	47.612582	47.612582	
3.09393	392.151655	392.201663	47.612582	47.612582	
3.104104	392.186972	392.245296	47.612582	47.612582	
3.11433	392.221884	392.280203	47.612582	47.612582	
3.124771	392.256893	392.315109	47.612582	47.612582	
3.134785	392.289904	392.350016	47.612582	47.612582	
3.145252	392.323762	392.376196	47.612582	47.612582	
3.155198	392.355375	392.411102	47.612582	47.612582	
3.165558	392.387677	392.437282	47.612582	47.612582	
3.175724	392.41877	392.472189	47.612582	47.612582	
3.18592	392.449375	392.507095	47.612582	47.612582	
3.196204	392.479623	392.533275	47.612582	47.612582	
3.206419	392.509075	392.559455	47.612582	47.612582	
3.216553	392.537701	392.594362	47.612582	47.612582	
3.227015	392.566616	392.629269	47.612582	47.612582	
3.23728	392.594389	392.655448	47.612582	47.612582	
3.247383	392.621148	392.681628	47.612582	47.612582	
3.257711	392.647894	392.707808	47.612582	47.612582	
3.268006	392.673933	392.733988	47.612582	47.612582	
3.278109	392.698916	392.768895	47.612582	47.612582	
3.288344	392.723617	392.786348	47.612582	47.612582	
3.298516	392.74759	392.821255	47.612582	47.612582	
3.308753	392.771114	392.838708	47.612582	47.612582	
3.3274	392.81154	392.891068	47.612582	47.612582	
3.332277	392.822168	392.899795	47.612582	47.612582	
3.342463	392.843636	392.925975	47.612582	47.612582	
3.352704	392.864626	392.943428	47.612582	47.612582	
3.362915	392.884956	392.969608	47.612582	47.612582	
3.373105	392.904665	392.995788	47.612582	47.612582	
3.383316	392.923835	393.013241	47.612582	47.612582	
3.393533	392.94242	393.030694	47.612582	47.612582	
3.403759	392.960444	393.048148	47.612582	47.612582	
3.413984	392.977882	393.065601	47.612582	47.612582	
3.424183	392.99469	393.083054	47.612582	47.612582	
3.434391	393.01094	393.091781	47.612582	47.612582	
3.444625	393.026649	393.100507	47.612582	47.612582	
3.454929	393.041877	393.109234	47.612582	47.612582	
3.465043	393.056262	393.117961	47.612582	47.612582	
3.475235	393.070192	393.117961	47.612582	47.612582	
3.48561	393.083775	393.117961	47.612582	47.612582	
3.495704	393.096437	393.117961	47.612582	47.612582	
3.505942	393.108708	393.126687	47.612582	47.612582	
3.516249	393.120484	393.126687	47.612582	47.612582	
3.526459	393.131595	393.135414	47.612582	47.612582	
3.536607	393.142085	393.135414	47.612582	47.612582	
3.547139	393.152367	393.135414	47.612582	47.612582	
3.557061	393.161551	393.135414	47.612582	47.612582	
3.5673	393.170469	393.144141	47.612582	47.612582	
3.585918	393.18446	393.152867	47.612582	47.612582	
3.590773	393.188165	393.152867	47.612582	47.612582	
3.600983	393.195292	393.161594	47.612582	47.612582	
3.611244	393.201926	393.170321	47.612582	47.612582	
3.621463	393.208015	393.170321	47.612582	47.612582	
3.631554	393.213534	393.187774	47.612582	47.612582	
3.641765	393.21862	393.187774	47.612582	47.612582	
3.652018	393.223229	393.196501	47.612582	47.612582	
3.662238	393.227347	393.205227	47.612582	47.612582	
3.672452	393.230991	393.213954	47.612582	47.612582	
3.682686	393.234189	393.22268	47.612582	47.612582	
3.692892	393.236943	393.240134	47.612582	47.612582	
3.703175	393.239296	393.240134	47.612582	47.612582	
3.713366	393.241241	393.257587	47.612582	47.612582	
3.723542	393.242823	393.257587	47.612582	47.612582	
3.733757	393.247387	393.266314	47.612582	47.612582	
3.744	393.247387	393.27504	47.612582	47.612582	
